<html>
<head>
<title>TestNG:  Zain Test</title>
<link href="../testng.css" rel="stylesheet" type="text/css" />
<link href="../my-testng.css" rel="stylesheet" type="text/css" />

<style type="text/css">
.log { display: none;} 
.stack-trace { display: none;} 
</style>
<script type="text/javascript">
<!--
function flip(e) {
  current = e.style.display;
  if (current == 'block') {
    e.style.display = 'none';
    return 0;
  }
  else {
    e.style.display = 'block';
    return 1;
  }
}

function toggleBox(szDivId, elem, msg1, msg2)
{
  var res = -1;  if (document.getElementById) {
    res = flip(document.getElementById(szDivId));
  }
  else if (document.all) {
    // this is the way old msie versions work
    res = flip(document.all[szDivId]);
  }
  if(elem) {
    if(res == 0) elem.innerHTML = msg1; else elem.innerHTML = msg2;
  }

}

function toggleAllBoxes() {
  if (document.getElementsByTagName) {
    d = document.getElementsByTagName('div');
    for (i = 0; i < d.length; i++) {
      if (d[i].className == 'log') {
        flip(d[i]);
      }
    }
  }
}

// -->
</script>

</head>
<body>
<h2 align='center'>Zain Test</h2><table border='1' align="center">
<tr>
<td>Tests passed/Failed/Skipped:</td><td>54/20/0</td>
</tr><tr>
<td>Started on:</td><td>Tue Jul 06 22:59:06 PKT 2021</td>
</tr>
<tr><td>Total time:</td><td>451 seconds (451178 ms)</td>
</tr><tr>
<td>Included groups:</td><td></td>
</tr><tr>
<td>Excluded groups:</td><td></td>
</tr>
</table><p/>
<small><i>(Hover the method name to see the test class name)</i></small><p/>
<table width='100%' border='1' class='invocation-failed'>
<tr><td colspan='4' align='center'><b>FAILED TESTS</b></td></tr>
<tr><td><b>Test method</b></td>
<td width="30%"><b>Exception</b></td>
<td width="10%"><b>Time (seconds)</b></td>
<td><b>Instance</b></td>
</tr>
<tr>
<td title='AllTests.QuickPayTest.QuickPayWithC26852()'><b>QuickPayWithC26852</b><br>Test class: AllTests.QuickPayTest</td>
<td><div><pre>java.lang.AssertionError
	at org.junit.Assert.fail(Assert.java:86)
	at org.junit.Assert.assertTrue(Assert.java:41)
	at org.junit.Assert.assertTrue(Assert.java:52)
	at pages.BasePage.AddTest_IntoReport(BasePage.java:95)
	at AllTests.QuickPayTest.QuickPayWithC26852(QuickPayTest.java:71)
	at java.base/java.util.ArrayList.forEach(ArrayList.java:1511)
... Removed 27 stack frames</pre></div><a href='#' onClick='toggleBox("stack-trace1919576980", this, "Click to show all stack frames", "Click to hide stack frames")'>Click to show all stack frames</a>
<div class='stack-trace' id='stack-trace1919576980'><pre>java.lang.AssertionError
	at org.junit.Assert.fail(Assert.java:86)
	at org.junit.Assert.assertTrue(Assert.java:41)
	at org.junit.Assert.assertTrue(Assert.java:52)
	at pages.BasePage.AddTest_IntoReport(BasePage.java:95)
	at AllTests.QuickPayTest.QuickPayWithC26852(QuickPayTest.java:71)
	at java.base/jdk.internal.reflect.NativeMethodAccessorImpl.invoke0(Native Method)
	at java.base/jdk.internal.reflect.NativeMethodAccessorImpl.invoke(NativeMethodAccessorImpl.java:62)
	at java.base/jdk.internal.reflect.DelegatingMethodAccessorImpl.invoke(DelegatingMethodAccessorImpl.java:43)
	at java.base/java.lang.reflect.Method.invoke(Method.java:564)
	at org.testng.internal.MethodInvocationHelper.invokeMethod(MethodInvocationHelper.java:132)
	at org.testng.internal.TestInvoker.invokeMethod(TestInvoker.java:599)
	at org.testng.internal.TestInvoker.invokeTestMethod(TestInvoker.java:174)
	at org.testng.internal.MethodRunner.runInSequence(MethodRunner.java:46)
	at org.testng.internal.TestInvoker$MethodInvocationAgent.invoke(TestInvoker.java:822)
	at org.testng.internal.TestInvoker.invokeTestMethods(TestInvoker.java:147)
	at org.testng.internal.TestMethodWorker.invokeTestMethods(TestMethodWorker.java:146)
	at org.testng.internal.TestMethodWorker.run(TestMethodWorker.java:128)
	at java.base/java.util.ArrayList.forEach(ArrayList.java:1511)
	at org.testng.TestRunner.privateRun(TestRunner.java:764)
	at org.testng.TestRunner.run(TestRunner.java:585)
	at org.testng.SuiteRunner.runTest(SuiteRunner.java:384)
	at org.testng.SuiteRunner.runSequentially(SuiteRunner.java:378)
	at org.testng.SuiteRunner.privateRun(SuiteRunner.java:337)
	at org.testng.SuiteRunner.run(SuiteRunner.java:286)
	at org.testng.SuiteRunnerWorker.runSuite(SuiteRunnerWorker.java:53)
	at org.testng.SuiteRunnerWorker.run(SuiteRunnerWorker.java:96)
	at org.testng.TestNG.runSuitesSequentially(TestNG.java:1218)
	at org.testng.TestNG.runSuitesLocally(TestNG.java:1140)
	at org.testng.TestNG.runSuites(TestNG.java:1069)
	at org.testng.TestNG.run(TestNG.java:1037)
	at org.testng.remote.AbstractRemoteTestNG.run(AbstractRemoteTestNG.java:115)
	at org.testng.remote.RemoteTestNG.initAndRun(RemoteTestNG.java:251)
	at org.testng.remote.RemoteTestNG.main(RemoteTestNG.java:77)
</pre></div></td>
<td>3</td>
<td>AllTests.QuickPayTest@5fd4f8f5</td></tr>
<tr>
<td title='AllTests.QuickPayTest.decimalPointNotAllowed()'><b>decimalPointNotAllowed</b><br>Test class: AllTests.QuickPayTest<br>Parameters: C26976</td>
<td><div><pre>java.lang.AssertionError: Failed : Decimal Amount is allowed to enter into custom amount field expected [025] but found []
	at PageScreen.HomeScreen.VerifyHomeScreen(HomeScreen.java:213)
	at AllTests.QuickPayTest.decimalPointNotAllowed(QuickPayTest.java:449)
	at java.base/java.util.ArrayList.forEach(ArrayList.java:1511)
... Removed 32 stack frames</pre></div><a href='#' onClick='toggleBox("stack-trace1755634886", this, "Click to show all stack frames", "Click to hide stack frames")'>Click to show all stack frames</a>
<div class='stack-trace' id='stack-trace1755634886'><pre>java.lang.AssertionError: Failed : Decimal Amount is allowed to enter into custom amount field expected [025] but found []
	at org.testng.Assert.fail(Assert.java:99)
	at org.testng.Assert.failNotEquals(Assert.java:1037)
	at org.testng.Assert.assertEqualsImpl(Assert.java:140)
	at org.testng.Assert.assertEquals(Assert.java:122)
	at org.testng.Assert.assertEquals(Assert.java:629)
	at PageScreen.HomeScreen.VerifyHomeScreen(HomeScreen.java:213)
	at AllTests.QuickPayTest.decimalPointNotAllowed(QuickPayTest.java:449)
	at java.base/jdk.internal.reflect.NativeMethodAccessorImpl.invoke0(Native Method)
	at java.base/jdk.internal.reflect.NativeMethodAccessorImpl.invoke(NativeMethodAccessorImpl.java:62)
	at java.base/jdk.internal.reflect.DelegatingMethodAccessorImpl.invoke(DelegatingMethodAccessorImpl.java:43)
	at java.base/java.lang.reflect.Method.invoke(Method.java:564)
	at org.testng.internal.MethodInvocationHelper.invokeMethod(MethodInvocationHelper.java:132)
	at org.testng.internal.TestInvoker.invokeMethod(TestInvoker.java:599)
	at org.testng.internal.TestInvoker.invokeTestMethod(TestInvoker.java:174)
	at org.testng.internal.MethodRunner.runInSequence(MethodRunner.java:46)
	at org.testng.internal.TestInvoker$MethodInvocationAgent.invoke(TestInvoker.java:822)
	at org.testng.internal.TestInvoker.invokeTestMethods(TestInvoker.java:147)
	at org.testng.internal.TestMethodWorker.invokeTestMethods(TestMethodWorker.java:146)
	at org.testng.internal.TestMethodWorker.run(TestMethodWorker.java:128)
	at java.base/java.util.ArrayList.forEach(ArrayList.java:1511)
	at org.testng.TestRunner.privateRun(TestRunner.java:764)
	at org.testng.TestRunner.run(TestRunner.java:585)
	at org.testng.SuiteRunner.runTest(SuiteRunner.java:384)
	at org.testng.SuiteRunner.runSequentially(SuiteRunner.java:378)
	at org.testng.SuiteRunner.privateRun(SuiteRunner.java:337)
	at org.testng.SuiteRunner.run(SuiteRunner.java:286)
	at org.testng.SuiteRunnerWorker.runSuite(SuiteRunnerWorker.java:53)
	at org.testng.SuiteRunnerWorker.run(SuiteRunnerWorker.java:96)
	at org.testng.TestNG.runSuitesSequentially(TestNG.java:1218)
	at org.testng.TestNG.runSuitesLocally(TestNG.java:1140)
	at org.testng.TestNG.runSuites(TestNG.java:1069)
	at org.testng.TestNG.run(TestNG.java:1037)
	at org.testng.remote.AbstractRemoteTestNG.run(AbstractRemoteTestNG.java:115)
	at org.testng.remote.RemoteTestNG.initAndRun(RemoteTestNG.java:251)
	at org.testng.remote.RemoteTestNG.main(RemoteTestNG.java:77)
</pre></div></td>
<td>3</td>
<td>AllTests.QuickPayTest@5fd4f8f5</td></tr>
<tr>
<td title='AllTests.QuickPayTest.decimalPointNotAllowed()'><b>decimalPointNotAllowed</b><br>Test class: AllTests.QuickPayTest<br>Parameters: C27002</td>
<td><div><pre>java.lang.AssertionError: Failed : Decimal Amount is allowed to enter into custom amount field expected [025] but found []
	at PageScreen.HomeScreen.VerifyHomeScreen(HomeScreen.java:213)
	at AllTests.QuickPayTest.decimalPointNotAllowed(QuickPayTest.java:449)
	at java.base/java.util.ArrayList.forEach(ArrayList.java:1511)
... Removed 32 stack frames</pre></div><a href='#' onClick='toggleBox("stack-trace387201851", this, "Click to show all stack frames", "Click to hide stack frames")'>Click to show all stack frames</a>
<div class='stack-trace' id='stack-trace387201851'><pre>java.lang.AssertionError: Failed : Decimal Amount is allowed to enter into custom amount field expected [025] but found []
	at org.testng.Assert.fail(Assert.java:99)
	at org.testng.Assert.failNotEquals(Assert.java:1037)
	at org.testng.Assert.assertEqualsImpl(Assert.java:140)
	at org.testng.Assert.assertEquals(Assert.java:122)
	at org.testng.Assert.assertEquals(Assert.java:629)
	at PageScreen.HomeScreen.VerifyHomeScreen(HomeScreen.java:213)
	at AllTests.QuickPayTest.decimalPointNotAllowed(QuickPayTest.java:449)
	at java.base/jdk.internal.reflect.NativeMethodAccessorImpl.invoke0(Native Method)
	at java.base/jdk.internal.reflect.NativeMethodAccessorImpl.invoke(NativeMethodAccessorImpl.java:62)
	at java.base/jdk.internal.reflect.DelegatingMethodAccessorImpl.invoke(DelegatingMethodAccessorImpl.java:43)
	at java.base/java.lang.reflect.Method.invoke(Method.java:564)
	at org.testng.internal.MethodInvocationHelper.invokeMethod(MethodInvocationHelper.java:132)
	at org.testng.internal.TestInvoker.invokeMethod(TestInvoker.java:599)
	at org.testng.internal.TestInvoker.invokeTestMethod(TestInvoker.java:174)
	at org.testng.internal.MethodRunner.runInSequence(MethodRunner.java:46)
	at org.testng.internal.TestInvoker$MethodInvocationAgent.invoke(TestInvoker.java:822)
	at org.testng.internal.TestInvoker.invokeTestMethods(TestInvoker.java:147)
	at org.testng.internal.TestMethodWorker.invokeTestMethods(TestMethodWorker.java:146)
	at org.testng.internal.TestMethodWorker.run(TestMethodWorker.java:128)
	at java.base/java.util.ArrayList.forEach(ArrayList.java:1511)
	at org.testng.TestRunner.privateRun(TestRunner.java:764)
	at org.testng.TestRunner.run(TestRunner.java:585)
	at org.testng.SuiteRunner.runTest(SuiteRunner.java:384)
	at org.testng.SuiteRunner.runSequentially(SuiteRunner.java:378)
	at org.testng.SuiteRunner.privateRun(SuiteRunner.java:337)
	at org.testng.SuiteRunner.run(SuiteRunner.java:286)
	at org.testng.SuiteRunnerWorker.runSuite(SuiteRunnerWorker.java:53)
	at org.testng.SuiteRunnerWorker.run(SuiteRunnerWorker.java:96)
	at org.testng.TestNG.runSuitesSequentially(TestNG.java:1218)
	at org.testng.TestNG.runSuitesLocally(TestNG.java:1140)
	at org.testng.TestNG.runSuites(TestNG.java:1069)
	at org.testng.TestNG.run(TestNG.java:1037)
	at org.testng.remote.AbstractRemoteTestNG.run(AbstractRemoteTestNG.java:115)
	at org.testng.remote.RemoteTestNG.initAndRun(RemoteTestNG.java:251)
	at org.testng.remote.RemoteTestNG.main(RemoteTestNG.java:77)
</pre></div></td>
<td>5</td>
<td>AllTests.QuickPayTest@5fd4f8f5</td></tr>
<tr>
<td title='AllTests.QuickPayTest.decimalPointNotAllowed()'><b>decimalPointNotAllowed</b><br>Test class: AllTests.QuickPayTest<br>Parameters: C27022</td>
<td><div><pre>java.lang.AssertionError: Failed : Decimal Amount is allowed to enter into custom amount field expected [025] but found []
	at PageScreen.HomeScreen.VerifyHomeScreen(HomeScreen.java:213)
	at AllTests.QuickPayTest.decimalPointNotAllowed(QuickPayTest.java:449)
	at java.base/java.util.ArrayList.forEach(ArrayList.java:1511)
... Removed 32 stack frames</pre></div><a href='#' onClick='toggleBox("stack-trace157783888", this, "Click to show all stack frames", "Click to hide stack frames")'>Click to show all stack frames</a>
<div class='stack-trace' id='stack-trace157783888'><pre>java.lang.AssertionError: Failed : Decimal Amount is allowed to enter into custom amount field expected [025] but found []
	at org.testng.Assert.fail(Assert.java:99)
	at org.testng.Assert.failNotEquals(Assert.java:1037)
	at org.testng.Assert.assertEqualsImpl(Assert.java:140)
	at org.testng.Assert.assertEquals(Assert.java:122)
	at org.testng.Assert.assertEquals(Assert.java:629)
	at PageScreen.HomeScreen.VerifyHomeScreen(HomeScreen.java:213)
	at AllTests.QuickPayTest.decimalPointNotAllowed(QuickPayTest.java:449)
	at java.base/jdk.internal.reflect.NativeMethodAccessorImpl.invoke0(Native Method)
	at java.base/jdk.internal.reflect.NativeMethodAccessorImpl.invoke(NativeMethodAccessorImpl.java:62)
	at java.base/jdk.internal.reflect.DelegatingMethodAccessorImpl.invoke(DelegatingMethodAccessorImpl.java:43)
	at java.base/java.lang.reflect.Method.invoke(Method.java:564)
	at org.testng.internal.MethodInvocationHelper.invokeMethod(MethodInvocationHelper.java:132)
	at org.testng.internal.TestInvoker.invokeMethod(TestInvoker.java:599)
	at org.testng.internal.TestInvoker.invokeTestMethod(TestInvoker.java:174)
	at org.testng.internal.MethodRunner.runInSequence(MethodRunner.java:46)
	at org.testng.internal.TestInvoker$MethodInvocationAgent.invoke(TestInvoker.java:822)
	at org.testng.internal.TestInvoker.invokeTestMethods(TestInvoker.java:147)
	at org.testng.internal.TestMethodWorker.invokeTestMethods(TestMethodWorker.java:146)
	at org.testng.internal.TestMethodWorker.run(TestMethodWorker.java:128)
	at java.base/java.util.ArrayList.forEach(ArrayList.java:1511)
	at org.testng.TestRunner.privateRun(TestRunner.java:764)
	at org.testng.TestRunner.run(TestRunner.java:585)
	at org.testng.SuiteRunner.runTest(SuiteRunner.java:384)
	at org.testng.SuiteRunner.runSequentially(SuiteRunner.java:378)
	at org.testng.SuiteRunner.privateRun(SuiteRunner.java:337)
	at org.testng.SuiteRunner.run(SuiteRunner.java:286)
	at org.testng.SuiteRunnerWorker.runSuite(SuiteRunnerWorker.java:53)
	at org.testng.SuiteRunnerWorker.run(SuiteRunnerWorker.java:96)
	at org.testng.TestNG.runSuitesSequentially(TestNG.java:1218)
	at org.testng.TestNG.runSuitesLocally(TestNG.java:1140)
	at org.testng.TestNG.runSuites(TestNG.java:1069)
	at org.testng.TestNG.run(TestNG.java:1037)
	at org.testng.remote.AbstractRemoteTestNG.run(AbstractRemoteTestNG.java:115)
	at org.testng.remote.RemoteTestNG.initAndRun(RemoteTestNG.java:251)
	at org.testng.remote.RemoteTestNG.main(RemoteTestNG.java:77)
</pre></div></td>
<td>4</td>
<td>AllTests.QuickPayTest@5fd4f8f5</td></tr>
<tr>
<td title='AllTests.QuickPayTest.greaterThan14DigitsVoucherNumberValidation()'><b>greaterThan14DigitsVoucherNumberValidation</b><br>Test class: AllTests.QuickPayTest<br>Parameters: C27227</td>
<td><div><pre>java.lang.AssertionError: Failed :  &lt;b&gt;More than 14 digits&lt;/b&gt; are allowed in voucher name field expected [14] but found [20]
	at PageScreen.HomeScreen.VerifyHomeScreen(HomeScreen.java:650)
	at AllTests.QuickPayTest.greaterThan14DigitsVoucherNumberValidation(QuickPayTest.java:717)
	at java.base/java.util.ArrayList.forEach(ArrayList.java:1511)
... Removed 32 stack frames</pre></div><a href='#' onClick='toggleBox("stack-trace997361164", this, "Click to show all stack frames", "Click to hide stack frames")'>Click to show all stack frames</a>
<div class='stack-trace' id='stack-trace997361164'><pre>java.lang.AssertionError: Failed :  &lt;b&gt;More than 14 digits&lt;/b&gt; are allowed in voucher name field expected [14] but found [20]
	at org.testng.Assert.fail(Assert.java:99)
	at org.testng.Assert.failNotEquals(Assert.java:1037)
	at org.testng.Assert.assertEqualsImpl(Assert.java:140)
	at org.testng.Assert.assertEquals(Assert.java:122)
	at org.testng.Assert.assertEquals(Assert.java:907)
	at PageScreen.HomeScreen.VerifyHomeScreen(HomeScreen.java:650)
	at AllTests.QuickPayTest.greaterThan14DigitsVoucherNumberValidation(QuickPayTest.java:717)
	at java.base/jdk.internal.reflect.NativeMethodAccessorImpl.invoke0(Native Method)
	at java.base/jdk.internal.reflect.NativeMethodAccessorImpl.invoke(NativeMethodAccessorImpl.java:62)
	at java.base/jdk.internal.reflect.DelegatingMethodAccessorImpl.invoke(DelegatingMethodAccessorImpl.java:43)
	at java.base/java.lang.reflect.Method.invoke(Method.java:564)
	at org.testng.internal.MethodInvocationHelper.invokeMethod(MethodInvocationHelper.java:132)
	at org.testng.internal.TestInvoker.invokeMethod(TestInvoker.java:599)
	at org.testng.internal.TestInvoker.invokeTestMethod(TestInvoker.java:174)
	at org.testng.internal.MethodRunner.runInSequence(MethodRunner.java:46)
	at org.testng.internal.TestInvoker$MethodInvocationAgent.invoke(TestInvoker.java:822)
	at org.testng.internal.TestInvoker.invokeTestMethods(TestInvoker.java:147)
	at org.testng.internal.TestMethodWorker.invokeTestMethods(TestMethodWorker.java:146)
	at org.testng.internal.TestMethodWorker.run(TestMethodWorker.java:128)
	at java.base/java.util.ArrayList.forEach(ArrayList.java:1511)
	at org.testng.TestRunner.privateRun(TestRunner.java:764)
	at org.testng.TestRunner.run(TestRunner.java:585)
	at org.testng.SuiteRunner.runTest(SuiteRunner.java:384)
	at org.testng.SuiteRunner.runSequentially(SuiteRunner.java:378)
	at org.testng.SuiteRunner.privateRun(SuiteRunner.java:337)
	at org.testng.SuiteRunner.run(SuiteRunner.java:286)
	at org.testng.SuiteRunnerWorker.runSuite(SuiteRunnerWorker.java:53)
	at org.testng.SuiteRunnerWorker.run(SuiteRunnerWorker.java:96)
	at org.testng.TestNG.runSuitesSequentially(TestNG.java:1218)
	at org.testng.TestNG.runSuitesLocally(TestNG.java:1140)
	at org.testng.TestNG.runSuites(TestNG.java:1069)
	at org.testng.TestNG.run(TestNG.java:1037)
	at org.testng.remote.AbstractRemoteTestNG.run(AbstractRemoteTestNG.java:115)
	at org.testng.remote.RemoteTestNG.initAndRun(RemoteTestNG.java:251)
	at org.testng.remote.RemoteTestNG.main(RemoteTestNG.java:77)
</pre></div></td>
<td>4</td>
<td>AllTests.QuickPayTest@5fd4f8f5</td></tr>
<tr>
<td title='AllTests.QuickPayTest.greaterThan14DigitsVoucherNumberValidation()'><b>greaterThan14DigitsVoucherNumberValidation</b><br>Test class: AllTests.QuickPayTest<br>Parameters: C27283</td>
<td><div><pre>java.lang.AssertionError: Failed :  &lt;b&gt;More than 14 digits&lt;/b&gt; are allowed in voucher name field expected [14] but found [20]
	at PageScreen.HomeScreen.VerifyHomeScreen(HomeScreen.java:650)
	at AllTests.QuickPayTest.greaterThan14DigitsVoucherNumberValidation(QuickPayTest.java:717)
	at java.base/java.util.ArrayList.forEach(ArrayList.java:1511)
... Removed 32 stack frames</pre></div><a href='#' onClick='toggleBox("stack-trace181806430", this, "Click to show all stack frames", "Click to hide stack frames")'>Click to show all stack frames</a>
<div class='stack-trace' id='stack-trace181806430'><pre>java.lang.AssertionError: Failed :  &lt;b&gt;More than 14 digits&lt;/b&gt; are allowed in voucher name field expected [14] but found [20]
	at org.testng.Assert.fail(Assert.java:99)
	at org.testng.Assert.failNotEquals(Assert.java:1037)
	at org.testng.Assert.assertEqualsImpl(Assert.java:140)
	at org.testng.Assert.assertEquals(Assert.java:122)
	at org.testng.Assert.assertEquals(Assert.java:907)
	at PageScreen.HomeScreen.VerifyHomeScreen(HomeScreen.java:650)
	at AllTests.QuickPayTest.greaterThan14DigitsVoucherNumberValidation(QuickPayTest.java:717)
	at java.base/jdk.internal.reflect.NativeMethodAccessorImpl.invoke0(Native Method)
	at java.base/jdk.internal.reflect.NativeMethodAccessorImpl.invoke(NativeMethodAccessorImpl.java:62)
	at java.base/jdk.internal.reflect.DelegatingMethodAccessorImpl.invoke(DelegatingMethodAccessorImpl.java:43)
	at java.base/java.lang.reflect.Method.invoke(Method.java:564)
	at org.testng.internal.MethodInvocationHelper.invokeMethod(MethodInvocationHelper.java:132)
	at org.testng.internal.TestInvoker.invokeMethod(TestInvoker.java:599)
	at org.testng.internal.TestInvoker.invokeTestMethod(TestInvoker.java:174)
	at org.testng.internal.MethodRunner.runInSequence(MethodRunner.java:46)
	at org.testng.internal.TestInvoker$MethodInvocationAgent.invoke(TestInvoker.java:822)
	at org.testng.internal.TestInvoker.invokeTestMethods(TestInvoker.java:147)
	at org.testng.internal.TestMethodWorker.invokeTestMethods(TestMethodWorker.java:146)
	at org.testng.internal.TestMethodWorker.run(TestMethodWorker.java:128)
	at java.base/java.util.ArrayList.forEach(ArrayList.java:1511)
	at org.testng.TestRunner.privateRun(TestRunner.java:764)
	at org.testng.TestRunner.run(TestRunner.java:585)
	at org.testng.SuiteRunner.runTest(SuiteRunner.java:384)
	at org.testng.SuiteRunner.runSequentially(SuiteRunner.java:378)
	at org.testng.SuiteRunner.privateRun(SuiteRunner.java:337)
	at org.testng.SuiteRunner.run(SuiteRunner.java:286)
	at org.testng.SuiteRunnerWorker.runSuite(SuiteRunnerWorker.java:53)
	at org.testng.SuiteRunnerWorker.run(SuiteRunnerWorker.java:96)
	at org.testng.TestNG.runSuitesSequentially(TestNG.java:1218)
	at org.testng.TestNG.runSuitesLocally(TestNG.java:1140)
	at org.testng.TestNG.runSuites(TestNG.java:1069)
	at org.testng.TestNG.run(TestNG.java:1037)
	at org.testng.remote.AbstractRemoteTestNG.run(AbstractRemoteTestNG.java:115)
	at org.testng.remote.RemoteTestNG.initAndRun(RemoteTestNG.java:251)
	at org.testng.remote.RemoteTestNG.main(RemoteTestNG.java:77)
</pre></div></td>
<td>4</td>
<td>AllTests.QuickPayTest@5fd4f8f5</td></tr>
<tr>
<td title='AllTests.QuickPayTest.rechargeFailedMessageDisplayed()'><b>rechargeFailedMessageDisplayed</b><br>Test class: AllTests.QuickPayTest<br>Parameters: C27229</td>
<td><div><pre>java.lang.AssertionError
	at org.junit.Assert.fail(Assert.java:86)
	at org.junit.Assert.assertTrue(Assert.java:41)
	at org.junit.Assert.assertTrue(Assert.java:52)
	at pages.BasePage.AddTest_IntoReport(BasePage.java:95)
	at AllTests.QuickPayTest.rechargeFailedMessageDisplayed(QuickPayTest.java:771)
	at java.base/java.util.ArrayList.forEach(ArrayList.java:1511)
... Removed 27 stack frames</pre></div><a href='#' onClick='toggleBox("stack-trace1526378110", this, "Click to show all stack frames", "Click to hide stack frames")'>Click to show all stack frames</a>
<div class='stack-trace' id='stack-trace1526378110'><pre>java.lang.AssertionError
	at org.junit.Assert.fail(Assert.java:86)
	at org.junit.Assert.assertTrue(Assert.java:41)
	at org.junit.Assert.assertTrue(Assert.java:52)
	at pages.BasePage.AddTest_IntoReport(BasePage.java:95)
	at AllTests.QuickPayTest.rechargeFailedMessageDisplayed(QuickPayTest.java:771)
	at java.base/jdk.internal.reflect.NativeMethodAccessorImpl.invoke0(Native Method)
	at java.base/jdk.internal.reflect.NativeMethodAccessorImpl.invoke(NativeMethodAccessorImpl.java:62)
	at java.base/jdk.internal.reflect.DelegatingMethodAccessorImpl.invoke(DelegatingMethodAccessorImpl.java:43)
	at java.base/java.lang.reflect.Method.invoke(Method.java:564)
	at org.testng.internal.MethodInvocationHelper.invokeMethod(MethodInvocationHelper.java:132)
	at org.testng.internal.TestInvoker.invokeMethod(TestInvoker.java:599)
	at org.testng.internal.TestInvoker.invokeTestMethod(TestInvoker.java:174)
	at org.testng.internal.MethodRunner.runInSequence(MethodRunner.java:46)
	at org.testng.internal.TestInvoker$MethodInvocationAgent.invoke(TestInvoker.java:822)
	at org.testng.internal.TestInvoker.invokeTestMethods(TestInvoker.java:147)
	at org.testng.internal.TestMethodWorker.invokeTestMethods(TestMethodWorker.java:146)
	at org.testng.internal.TestMethodWorker.run(TestMethodWorker.java:128)
	at java.base/java.util.ArrayList.forEach(ArrayList.java:1511)
	at org.testng.TestRunner.privateRun(TestRunner.java:764)
	at org.testng.TestRunner.run(TestRunner.java:585)
	at org.testng.SuiteRunner.runTest(SuiteRunner.java:384)
	at org.testng.SuiteRunner.runSequentially(SuiteRunner.java:378)
	at org.testng.SuiteRunner.privateRun(SuiteRunner.java:337)
	at org.testng.SuiteRunner.run(SuiteRunner.java:286)
	at org.testng.SuiteRunnerWorker.runSuite(SuiteRunnerWorker.java:53)
	at org.testng.SuiteRunnerWorker.run(SuiteRunnerWorker.java:96)
	at org.testng.TestNG.runSuitesSequentially(TestNG.java:1218)
	at org.testng.TestNG.runSuitesLocally(TestNG.java:1140)
	at org.testng.TestNG.runSuites(TestNG.java:1069)
	at org.testng.TestNG.run(TestNG.java:1037)
	at org.testng.remote.AbstractRemoteTestNG.run(AbstractRemoteTestNG.java:115)
	at org.testng.remote.RemoteTestNG.initAndRun(RemoteTestNG.java:251)
	at org.testng.remote.RemoteTestNG.main(RemoteTestNG.java:77)
</pre></div></td>
<td>9</td>
<td>AllTests.QuickPayTest@5fd4f8f5</td></tr>
<tr>
<td title='AllTests.QuickPayTest.rechargeFailedMessageDisplayed()'><b>rechargeFailedMessageDisplayed</b><br>Test class: AllTests.QuickPayTest<br>Parameters: C27285</td>
<td><div><pre>java.lang.AssertionError
	at org.junit.Assert.fail(Assert.java:86)
	at org.junit.Assert.assertTrue(Assert.java:41)
	at org.junit.Assert.assertTrue(Assert.java:52)
	at pages.BasePage.AddTest_IntoReport(BasePage.java:95)
	at AllTests.QuickPayTest.rechargeFailedMessageDisplayed(QuickPayTest.java:771)
	at java.base/java.util.ArrayList.forEach(ArrayList.java:1511)
... Removed 27 stack frames</pre></div><a href='#' onClick='toggleBox("stack-trace308803634", this, "Click to show all stack frames", "Click to hide stack frames")'>Click to show all stack frames</a>
<div class='stack-trace' id='stack-trace308803634'><pre>java.lang.AssertionError
	at org.junit.Assert.fail(Assert.java:86)
	at org.junit.Assert.assertTrue(Assert.java:41)
	at org.junit.Assert.assertTrue(Assert.java:52)
	at pages.BasePage.AddTest_IntoReport(BasePage.java:95)
	at AllTests.QuickPayTest.rechargeFailedMessageDisplayed(QuickPayTest.java:771)
	at java.base/jdk.internal.reflect.NativeMethodAccessorImpl.invoke0(Native Method)
	at java.base/jdk.internal.reflect.NativeMethodAccessorImpl.invoke(NativeMethodAccessorImpl.java:62)
	at java.base/jdk.internal.reflect.DelegatingMethodAccessorImpl.invoke(DelegatingMethodAccessorImpl.java:43)
	at java.base/java.lang.reflect.Method.invoke(Method.java:564)
	at org.testng.internal.MethodInvocationHelper.invokeMethod(MethodInvocationHelper.java:132)
	at org.testng.internal.TestInvoker.invokeMethod(TestInvoker.java:599)
	at org.testng.internal.TestInvoker.invokeTestMethod(TestInvoker.java:174)
	at org.testng.internal.MethodRunner.runInSequence(MethodRunner.java:46)
	at org.testng.internal.TestInvoker$MethodInvocationAgent.invoke(TestInvoker.java:822)
	at org.testng.internal.TestInvoker.invokeTestMethods(TestInvoker.java:147)
	at org.testng.internal.TestMethodWorker.invokeTestMethods(TestMethodWorker.java:146)
	at org.testng.internal.TestMethodWorker.run(TestMethodWorker.java:128)
	at java.base/java.util.ArrayList.forEach(ArrayList.java:1511)
	at org.testng.TestRunner.privateRun(TestRunner.java:764)
	at org.testng.TestRunner.run(TestRunner.java:585)
	at org.testng.SuiteRunner.runTest(SuiteRunner.java:384)
	at org.testng.SuiteRunner.runSequentially(SuiteRunner.java:378)
	at org.testng.SuiteRunner.privateRun(SuiteRunner.java:337)
	at org.testng.SuiteRunner.run(SuiteRunner.java:286)
	at org.testng.SuiteRunnerWorker.runSuite(SuiteRunnerWorker.java:53)
	at org.testng.SuiteRunnerWorker.run(SuiteRunnerWorker.java:96)
	at org.testng.TestNG.runSuitesSequentially(TestNG.java:1218)
	at org.testng.TestNG.runSuitesLocally(TestNG.java:1140)
	at org.testng.TestNG.runSuites(TestNG.java:1069)
	at org.testng.TestNG.run(TestNG.java:1037)
	at org.testng.remote.AbstractRemoteTestNG.run(AbstractRemoteTestNG.java:115)
	at org.testng.remote.RemoteTestNG.initAndRun(RemoteTestNG.java:251)
	at org.testng.remote.RemoteTestNG.main(RemoteTestNG.java:77)
</pre></div></td>
<td>8</td>
<td>AllTests.QuickPayTest@5fd4f8f5</td></tr>
<tr>
<td title='AllTests.QuickPayTest.rechargeVoucherEmptyFieldValidation()'><b>rechargeVoucherEmptyFieldValidation</b><br>Test class: AllTests.QuickPayTest<br>Parameters: C27225</td>
<td><div><pre>java.lang.AssertionError: Failed : Voucher submit button is not enabled. expected [true] but found [false]
	at PageScreen.HomeScreen.VerifyHomeScreen(HomeScreen.java:600)
	at AllTests.QuickPayTest.rechargeVoucherEmptyFieldValidation(QuickPayTest.java:669)
	at java.base/java.util.ArrayList.forEach(ArrayList.java:1511)
... Removed 30 stack frames</pre></div><a href='#' onClick='toggleBox("stack-trace528190809", this, "Click to show all stack frames", "Click to hide stack frames")'>Click to show all stack frames</a>
<div class='stack-trace' id='stack-trace528190809'><pre>java.lang.AssertionError: Failed : Voucher submit button is not enabled. expected [true] but found [false]
	at org.testng.Assert.fail(Assert.java:99)
	at org.testng.Assert.failNotEquals(Assert.java:1037)
	at org.testng.Assert.assertTrue(Assert.java:45)
	at PageScreen.HomeScreen.VerifyHomeScreen(HomeScreen.java:600)
	at AllTests.QuickPayTest.rechargeVoucherEmptyFieldValidation(QuickPayTest.java:669)
	at java.base/jdk.internal.reflect.NativeMethodAccessorImpl.invoke0(Native Method)
	at java.base/jdk.internal.reflect.NativeMethodAccessorImpl.invoke(NativeMethodAccessorImpl.java:62)
	at java.base/jdk.internal.reflect.DelegatingMethodAccessorImpl.invoke(DelegatingMethodAccessorImpl.java:43)
	at java.base/java.lang.reflect.Method.invoke(Method.java:564)
	at org.testng.internal.MethodInvocationHelper.invokeMethod(MethodInvocationHelper.java:132)
	at org.testng.internal.TestInvoker.invokeMethod(TestInvoker.java:599)
	at org.testng.internal.TestInvoker.invokeTestMethod(TestInvoker.java:174)
	at org.testng.internal.MethodRunner.runInSequence(MethodRunner.java:46)
	at org.testng.internal.TestInvoker$MethodInvocationAgent.invoke(TestInvoker.java:822)
	at org.testng.internal.TestInvoker.invokeTestMethods(TestInvoker.java:147)
	at org.testng.internal.TestMethodWorker.invokeTestMethods(TestMethodWorker.java:146)
	at org.testng.internal.TestMethodWorker.run(TestMethodWorker.java:128)
	at java.base/java.util.ArrayList.forEach(ArrayList.java:1511)
	at org.testng.TestRunner.privateRun(TestRunner.java:764)
	at org.testng.TestRunner.run(TestRunner.java:585)
	at org.testng.SuiteRunner.runTest(SuiteRunner.java:384)
	at org.testng.SuiteRunner.runSequentially(SuiteRunner.java:378)
	at org.testng.SuiteRunner.privateRun(SuiteRunner.java:337)
	at org.testng.SuiteRunner.run(SuiteRunner.java:286)
	at org.testng.SuiteRunnerWorker.runSuite(SuiteRunnerWorker.java:53)
	at org.testng.SuiteRunnerWorker.run(SuiteRunnerWorker.java:96)
	at org.testng.TestNG.runSuitesSequentially(TestNG.java:1218)
	at org.testng.TestNG.runSuitesLocally(TestNG.java:1140)
	at org.testng.TestNG.runSuites(TestNG.java:1069)
	at org.testng.TestNG.run(TestNG.java:1037)
	at org.testng.remote.AbstractRemoteTestNG.run(AbstractRemoteTestNG.java:115)
	at org.testng.remote.RemoteTestNG.initAndRun(RemoteTestNG.java:251)
	at org.testng.remote.RemoteTestNG.main(RemoteTestNG.java:77)
</pre></div></td>
<td>4</td>
<td>AllTests.QuickPayTest@5fd4f8f5</td></tr>
<tr>
<td title='AllTests.QuickPayTest.rechargeVoucherEmptyFieldValidation()'><b>rechargeVoucherEmptyFieldValidation</b><br>Test class: AllTests.QuickPayTest<br>Parameters: C27281</td>
<td><div><pre>java.lang.AssertionError: Failed : Voucher submit button is not enabled. expected [true] but found [false]
	at PageScreen.HomeScreen.VerifyHomeScreen(HomeScreen.java:600)
	at AllTests.QuickPayTest.rechargeVoucherEmptyFieldValidation(QuickPayTest.java:669)
	at java.base/java.util.ArrayList.forEach(ArrayList.java:1511)
... Removed 30 stack frames</pre></div><a href='#' onClick='toggleBox("stack-trace1349400619", this, "Click to show all stack frames", "Click to hide stack frames")'>Click to show all stack frames</a>
<div class='stack-trace' id='stack-trace1349400619'><pre>java.lang.AssertionError: Failed : Voucher submit button is not enabled. expected [true] but found [false]
	at org.testng.Assert.fail(Assert.java:99)
	at org.testng.Assert.failNotEquals(Assert.java:1037)
	at org.testng.Assert.assertTrue(Assert.java:45)
	at PageScreen.HomeScreen.VerifyHomeScreen(HomeScreen.java:600)
	at AllTests.QuickPayTest.rechargeVoucherEmptyFieldValidation(QuickPayTest.java:669)
	at java.base/jdk.internal.reflect.NativeMethodAccessorImpl.invoke0(Native Method)
	at java.base/jdk.internal.reflect.NativeMethodAccessorImpl.invoke(NativeMethodAccessorImpl.java:62)
	at java.base/jdk.internal.reflect.DelegatingMethodAccessorImpl.invoke(DelegatingMethodAccessorImpl.java:43)
	at java.base/java.lang.reflect.Method.invoke(Method.java:564)
	at org.testng.internal.MethodInvocationHelper.invokeMethod(MethodInvocationHelper.java:132)
	at org.testng.internal.TestInvoker.invokeMethod(TestInvoker.java:599)
	at org.testng.internal.TestInvoker.invokeTestMethod(TestInvoker.java:174)
	at org.testng.internal.MethodRunner.runInSequence(MethodRunner.java:46)
	at org.testng.internal.TestInvoker$MethodInvocationAgent.invoke(TestInvoker.java:822)
	at org.testng.internal.TestInvoker.invokeTestMethods(TestInvoker.java:147)
	at org.testng.internal.TestMethodWorker.invokeTestMethods(TestMethodWorker.java:146)
	at org.testng.internal.TestMethodWorker.run(TestMethodWorker.java:128)
	at java.base/java.util.ArrayList.forEach(ArrayList.java:1511)
	at org.testng.TestRunner.privateRun(TestRunner.java:764)
	at org.testng.TestRunner.run(TestRunner.java:585)
	at org.testng.SuiteRunner.runTest(SuiteRunner.java:384)
	at org.testng.SuiteRunner.runSequentially(SuiteRunner.java:378)
	at org.testng.SuiteRunner.privateRun(SuiteRunner.java:337)
	at org.testng.SuiteRunner.run(SuiteRunner.java:286)
	at org.testng.SuiteRunnerWorker.runSuite(SuiteRunnerWorker.java:53)
	at org.testng.SuiteRunnerWorker.run(SuiteRunnerWorker.java:96)
	at org.testng.TestNG.runSuitesSequentially(TestNG.java:1218)
	at org.testng.TestNG.runSuitesLocally(TestNG.java:1140)
	at org.testng.TestNG.runSuites(TestNG.java:1069)
	at org.testng.TestNG.run(TestNG.java:1037)
	at org.testng.remote.AbstractRemoteTestNG.run(AbstractRemoteTestNG.java:115)
	at org.testng.remote.RemoteTestNG.initAndRun(RemoteTestNG.java:251)
	at org.testng.remote.RemoteTestNG.main(RemoteTestNG.java:77)
</pre></div></td>
<td>4</td>
<td>AllTests.QuickPayTest@5fd4f8f5</td></tr>
<tr>
<td title='AllTests.QuickPayTest.transactionFailedErrorMessage()'><b>transactionFailedErrorMessage</b><br>Test class: AllTests.QuickPayTest<br>Parameters: C26989</td>
<td><div><pre>java.lang.AssertionError
	at org.junit.Assert.fail(Assert.java:86)
	at org.junit.Assert.assertTrue(Assert.java:41)
	at org.junit.Assert.assertTrue(Assert.java:52)
	at pages.BasePage.AddTest_IntoReport(BasePage.java:95)
	at AllTests.QuickPayTest.transactionFailedErrorMessage(QuickPayTest.java:647)
	at java.base/java.util.ArrayList.forEach(ArrayList.java:1511)
... Removed 27 stack frames</pre></div><a href='#' onClick='toggleBox("stack-trace1478007685", this, "Click to show all stack frames", "Click to hide stack frames")'>Click to show all stack frames</a>
<div class='stack-trace' id='stack-trace1478007685'><pre>java.lang.AssertionError
	at org.junit.Assert.fail(Assert.java:86)
	at org.junit.Assert.assertTrue(Assert.java:41)
	at org.junit.Assert.assertTrue(Assert.java:52)
	at pages.BasePage.AddTest_IntoReport(BasePage.java:95)
	at AllTests.QuickPayTest.transactionFailedErrorMessage(QuickPayTest.java:647)
	at java.base/jdk.internal.reflect.NativeMethodAccessorImpl.invoke0(Native Method)
	at java.base/jdk.internal.reflect.NativeMethodAccessorImpl.invoke(NativeMethodAccessorImpl.java:62)
	at java.base/jdk.internal.reflect.DelegatingMethodAccessorImpl.invoke(DelegatingMethodAccessorImpl.java:43)
	at java.base/java.lang.reflect.Method.invoke(Method.java:564)
	at org.testng.internal.MethodInvocationHelper.invokeMethod(MethodInvocationHelper.java:132)
	at org.testng.internal.TestInvoker.invokeMethod(TestInvoker.java:599)
	at org.testng.internal.TestInvoker.invokeTestMethod(TestInvoker.java:174)
	at org.testng.internal.MethodRunner.runInSequence(MethodRunner.java:46)
	at org.testng.internal.TestInvoker$MethodInvocationAgent.invoke(TestInvoker.java:822)
	at org.testng.internal.TestInvoker.invokeTestMethods(TestInvoker.java:147)
	at org.testng.internal.TestMethodWorker.invokeTestMethods(TestMethodWorker.java:146)
	at org.testng.internal.TestMethodWorker.run(TestMethodWorker.java:128)
	at java.base/java.util.ArrayList.forEach(ArrayList.java:1511)
	at org.testng.TestRunner.privateRun(TestRunner.java:764)
	at org.testng.TestRunner.run(TestRunner.java:585)
	at org.testng.SuiteRunner.runTest(SuiteRunner.java:384)
	at org.testng.SuiteRunner.runSequentially(SuiteRunner.java:378)
	at org.testng.SuiteRunner.privateRun(SuiteRunner.java:337)
	at org.testng.SuiteRunner.run(SuiteRunner.java:286)
	at org.testng.SuiteRunnerWorker.runSuite(SuiteRunnerWorker.java:53)
	at org.testng.SuiteRunnerWorker.run(SuiteRunnerWorker.java:96)
	at org.testng.TestNG.runSuitesSequentially(TestNG.java:1218)
	at org.testng.TestNG.runSuitesLocally(TestNG.java:1140)
	at org.testng.TestNG.runSuites(TestNG.java:1069)
	at org.testng.TestNG.run(TestNG.java:1037)
	at org.testng.remote.AbstractRemoteTestNG.run(AbstractRemoteTestNG.java:115)
	at org.testng.remote.RemoteTestNG.initAndRun(RemoteTestNG.java:251)
	at org.testng.remote.RemoteTestNG.main(RemoteTestNG.java:77)
</pre></div></td>
<td>10</td>
<td>AllTests.QuickPayTest@5fd4f8f5</td></tr>
<tr>
<td title='AllTests.QuickPayTest.transactionFailedErrorMessage()'><b>transactionFailedErrorMessage</b><br>Test class: AllTests.QuickPayTest<br>Parameters: C27264</td>
<td><div><pre>java.lang.AssertionError
	at org.junit.Assert.fail(Assert.java:86)
	at org.junit.Assert.assertTrue(Assert.java:41)
	at org.junit.Assert.assertTrue(Assert.java:52)
	at pages.BasePage.AddTest_IntoReport(BasePage.java:95)
	at AllTests.QuickPayTest.transactionFailedErrorMessage(QuickPayTest.java:647)
	at java.base/java.util.ArrayList.forEach(ArrayList.java:1511)
... Removed 27 stack frames</pre></div><a href='#' onClick='toggleBox("stack-trace712217251", this, "Click to show all stack frames", "Click to hide stack frames")'>Click to show all stack frames</a>
<div class='stack-trace' id='stack-trace712217251'><pre>java.lang.AssertionError
	at org.junit.Assert.fail(Assert.java:86)
	at org.junit.Assert.assertTrue(Assert.java:41)
	at org.junit.Assert.assertTrue(Assert.java:52)
	at pages.BasePage.AddTest_IntoReport(BasePage.java:95)
	at AllTests.QuickPayTest.transactionFailedErrorMessage(QuickPayTest.java:647)
	at java.base/jdk.internal.reflect.NativeMethodAccessorImpl.invoke0(Native Method)
	at java.base/jdk.internal.reflect.NativeMethodAccessorImpl.invoke(NativeMethodAccessorImpl.java:62)
	at java.base/jdk.internal.reflect.DelegatingMethodAccessorImpl.invoke(DelegatingMethodAccessorImpl.java:43)
	at java.base/java.lang.reflect.Method.invoke(Method.java:564)
	at org.testng.internal.MethodInvocationHelper.invokeMethod(MethodInvocationHelper.java:132)
	at org.testng.internal.TestInvoker.invokeMethod(TestInvoker.java:599)
	at org.testng.internal.TestInvoker.invokeTestMethod(TestInvoker.java:174)
	at org.testng.internal.MethodRunner.runInSequence(MethodRunner.java:46)
	at org.testng.internal.TestInvoker$MethodInvocationAgent.invoke(TestInvoker.java:822)
	at org.testng.internal.TestInvoker.invokeTestMethods(TestInvoker.java:147)
	at org.testng.internal.TestMethodWorker.invokeTestMethods(TestMethodWorker.java:146)
	at org.testng.internal.TestMethodWorker.run(TestMethodWorker.java:128)
	at java.base/java.util.ArrayList.forEach(ArrayList.java:1511)
	at org.testng.TestRunner.privateRun(TestRunner.java:764)
	at org.testng.TestRunner.run(TestRunner.java:585)
	at org.testng.SuiteRunner.runTest(SuiteRunner.java:384)
	at org.testng.SuiteRunner.runSequentially(SuiteRunner.java:378)
	at org.testng.SuiteRunner.privateRun(SuiteRunner.java:337)
	at org.testng.SuiteRunner.run(SuiteRunner.java:286)
	at org.testng.SuiteRunnerWorker.runSuite(SuiteRunnerWorker.java:53)
	at org.testng.SuiteRunnerWorker.run(SuiteRunnerWorker.java:96)
	at org.testng.TestNG.runSuitesSequentially(TestNG.java:1218)
	at org.testng.TestNG.runSuitesLocally(TestNG.java:1140)
	at org.testng.TestNG.runSuites(TestNG.java:1069)
	at org.testng.TestNG.run(TestNG.java:1037)
	at org.testng.remote.AbstractRemoteTestNG.run(AbstractRemoteTestNG.java:115)
	at org.testng.remote.RemoteTestNG.initAndRun(RemoteTestNG.java:251)
	at org.testng.remote.RemoteTestNG.main(RemoteTestNG.java:77)
</pre></div></td>
<td>11</td>
<td>AllTests.QuickPayTest@5fd4f8f5</td></tr>
<tr>
<td title='AllTests.QuickPayTest.transactionFailedErrorMessage()'><b>transactionFailedErrorMessage</b><br>Test class: AllTests.QuickPayTest<br>Parameters: C27252</td>
<td><div><pre>java.lang.AssertionError
	at org.junit.Assert.fail(Assert.java:86)
	at org.junit.Assert.assertTrue(Assert.java:41)
	at org.junit.Assert.assertTrue(Assert.java:52)
	at pages.BasePage.AddTest_IntoReport(BasePage.java:95)
	at AllTests.QuickPayTest.transactionFailedErrorMessage(QuickPayTest.java:647)
	at java.base/java.util.ArrayList.forEach(ArrayList.java:1511)
... Removed 27 stack frames</pre></div><a href='#' onClick='toggleBox("stack-trace1675625850", this, "Click to show all stack frames", "Click to hide stack frames")'>Click to show all stack frames</a>
<div class='stack-trace' id='stack-trace1675625850'><pre>java.lang.AssertionError
	at org.junit.Assert.fail(Assert.java:86)
	at org.junit.Assert.assertTrue(Assert.java:41)
	at org.junit.Assert.assertTrue(Assert.java:52)
	at pages.BasePage.AddTest_IntoReport(BasePage.java:95)
	at AllTests.QuickPayTest.transactionFailedErrorMessage(QuickPayTest.java:647)
	at java.base/jdk.internal.reflect.NativeMethodAccessorImpl.invoke0(Native Method)
	at java.base/jdk.internal.reflect.NativeMethodAccessorImpl.invoke(NativeMethodAccessorImpl.java:62)
	at java.base/jdk.internal.reflect.DelegatingMethodAccessorImpl.invoke(DelegatingMethodAccessorImpl.java:43)
	at java.base/java.lang.reflect.Method.invoke(Method.java:564)
	at org.testng.internal.MethodInvocationHelper.invokeMethod(MethodInvocationHelper.java:132)
	at org.testng.internal.TestInvoker.invokeMethod(TestInvoker.java:599)
	at org.testng.internal.TestInvoker.invokeTestMethod(TestInvoker.java:174)
	at org.testng.internal.MethodRunner.runInSequence(MethodRunner.java:46)
	at org.testng.internal.TestInvoker$MethodInvocationAgent.invoke(TestInvoker.java:822)
	at org.testng.internal.TestInvoker.invokeTestMethods(TestInvoker.java:147)
	at org.testng.internal.TestMethodWorker.invokeTestMethods(TestMethodWorker.java:146)
	at org.testng.internal.TestMethodWorker.run(TestMethodWorker.java:128)
	at java.base/java.util.ArrayList.forEach(ArrayList.java:1511)
	at org.testng.TestRunner.privateRun(TestRunner.java:764)
	at org.testng.TestRunner.run(TestRunner.java:585)
	at org.testng.SuiteRunner.runTest(SuiteRunner.java:384)
	at org.testng.SuiteRunner.runSequentially(SuiteRunner.java:378)
	at org.testng.SuiteRunner.privateRun(SuiteRunner.java:337)
	at org.testng.SuiteRunner.run(SuiteRunner.java:286)
	at org.testng.SuiteRunnerWorker.runSuite(SuiteRunnerWorker.java:53)
	at org.testng.SuiteRunnerWorker.run(SuiteRunnerWorker.java:96)
	at org.testng.TestNG.runSuitesSequentially(TestNG.java:1218)
	at org.testng.TestNG.runSuitesLocally(TestNG.java:1140)
	at org.testng.TestNG.runSuites(TestNG.java:1069)
	at org.testng.TestNG.run(TestNG.java:1037)
	at org.testng.remote.AbstractRemoteTestNG.run(AbstractRemoteTestNG.java:115)
	at org.testng.remote.RemoteTestNG.initAndRun(RemoteTestNG.java:251)
	at org.testng.remote.RemoteTestNG.main(RemoteTestNG.java:77)
</pre></div></td>
<td>12</td>
<td>AllTests.QuickPayTest@5fd4f8f5</td></tr>
<tr>
<td title='AllTests.QuickPayTest.transactionFailedErrorMessage()'><b>transactionFailedErrorMessage</b><br>Test class: AllTests.QuickPayTest<br>Parameters: C27294</td>
<td><div><pre>java.lang.AssertionError
	at org.junit.Assert.fail(Assert.java:86)
	at org.junit.Assert.assertTrue(Assert.java:41)
	at org.junit.Assert.assertTrue(Assert.java:52)
	at pages.BasePage.AddTest_IntoReport(BasePage.java:95)
	at AllTests.QuickPayTest.transactionFailedErrorMessage(QuickPayTest.java:647)
	at java.base/java.util.ArrayList.forEach(ArrayList.java:1511)
... Removed 27 stack frames</pre></div><a href='#' onClick='toggleBox("stack-trace438188203", this, "Click to show all stack frames", "Click to hide stack frames")'>Click to show all stack frames</a>
<div class='stack-trace' id='stack-trace438188203'><pre>java.lang.AssertionError
	at org.junit.Assert.fail(Assert.java:86)
	at org.junit.Assert.assertTrue(Assert.java:41)
	at org.junit.Assert.assertTrue(Assert.java:52)
	at pages.BasePage.AddTest_IntoReport(BasePage.java:95)
	at AllTests.QuickPayTest.transactionFailedErrorMessage(QuickPayTest.java:647)
	at java.base/jdk.internal.reflect.NativeMethodAccessorImpl.invoke0(Native Method)
	at java.base/jdk.internal.reflect.NativeMethodAccessorImpl.invoke(NativeMethodAccessorImpl.java:62)
	at java.base/jdk.internal.reflect.DelegatingMethodAccessorImpl.invoke(DelegatingMethodAccessorImpl.java:43)
	at java.base/java.lang.reflect.Method.invoke(Method.java:564)
	at org.testng.internal.MethodInvocationHelper.invokeMethod(MethodInvocationHelper.java:132)
	at org.testng.internal.TestInvoker.invokeMethod(TestInvoker.java:599)
	at org.testng.internal.TestInvoker.invokeTestMethod(TestInvoker.java:174)
	at org.testng.internal.MethodRunner.runInSequence(MethodRunner.java:46)
	at org.testng.internal.TestInvoker$MethodInvocationAgent.invoke(TestInvoker.java:822)
	at org.testng.internal.TestInvoker.invokeTestMethods(TestInvoker.java:147)
	at org.testng.internal.TestMethodWorker.invokeTestMethods(TestMethodWorker.java:146)
	at org.testng.internal.TestMethodWorker.run(TestMethodWorker.java:128)
	at java.base/java.util.ArrayList.forEach(ArrayList.java:1511)
	at org.testng.TestRunner.privateRun(TestRunner.java:764)
	at org.testng.TestRunner.run(TestRunner.java:585)
	at org.testng.SuiteRunner.runTest(SuiteRunner.java:384)
	at org.testng.SuiteRunner.runSequentially(SuiteRunner.java:378)
	at org.testng.SuiteRunner.privateRun(SuiteRunner.java:337)
	at org.testng.SuiteRunner.run(SuiteRunner.java:286)
	at org.testng.SuiteRunnerWorker.runSuite(SuiteRunnerWorker.java:53)
	at org.testng.SuiteRunnerWorker.run(SuiteRunnerWorker.java:96)
	at org.testng.TestNG.runSuitesSequentially(TestNG.java:1218)
	at org.testng.TestNG.runSuitesLocally(TestNG.java:1140)
	at org.testng.TestNG.runSuites(TestNG.java:1069)
	at org.testng.TestNG.run(TestNG.java:1037)
	at org.testng.remote.AbstractRemoteTestNG.run(AbstractRemoteTestNG.java:115)
	at org.testng.remote.RemoteTestNG.initAndRun(RemoteTestNG.java:251)
	at org.testng.remote.RemoteTestNG.main(RemoteTestNG.java:77)
</pre></div></td>
<td>11</td>
<td>AllTests.QuickPayTest@5fd4f8f5</td></tr>
<tr>
<td title='AllTests.QuickPayTest.transactionFailedErrorMessage()'><b>transactionFailedErrorMessage</b><br>Test class: AllTests.QuickPayTest<br>Parameters: C27242</td>
<td><div><pre>java.lang.AssertionError: Failed : Transaction Failed validation message is not displaying after clicking on pay with card button expected [true] but found [false]
	at PageScreen.HomeScreen.VerifyHomeScreen(HomeScreen.java:579)
	at AllTests.QuickPayTest.transactionFailedErrorMessage(QuickPayTest.java:646)
	at java.base/java.util.ArrayList.forEach(ArrayList.java:1511)
... Removed 30 stack frames</pre></div><a href='#' onClick='toggleBox("stack-trace144775705", this, "Click to show all stack frames", "Click to hide stack frames")'>Click to show all stack frames</a>
<div class='stack-trace' id='stack-trace144775705'><pre>java.lang.AssertionError: Failed : Transaction Failed validation message is not displaying after clicking on pay with card button expected [true] but found [false]
	at org.testng.Assert.fail(Assert.java:99)
	at org.testng.Assert.failNotEquals(Assert.java:1037)
	at org.testng.Assert.assertTrue(Assert.java:45)
	at PageScreen.HomeScreen.VerifyHomeScreen(HomeScreen.java:579)
	at AllTests.QuickPayTest.transactionFailedErrorMessage(QuickPayTest.java:646)
	at java.base/jdk.internal.reflect.NativeMethodAccessorImpl.invoke0(Native Method)
	at java.base/jdk.internal.reflect.NativeMethodAccessorImpl.invoke(NativeMethodAccessorImpl.java:62)
	at java.base/jdk.internal.reflect.DelegatingMethodAccessorImpl.invoke(DelegatingMethodAccessorImpl.java:43)
	at java.base/java.lang.reflect.Method.invoke(Method.java:564)
	at org.testng.internal.MethodInvocationHelper.invokeMethod(MethodInvocationHelper.java:132)
	at org.testng.internal.TestInvoker.invokeMethod(TestInvoker.java:599)
	at org.testng.internal.TestInvoker.invokeTestMethod(TestInvoker.java:174)
	at org.testng.internal.MethodRunner.runInSequence(MethodRunner.java:46)
	at org.testng.internal.TestInvoker$MethodInvocationAgent.invoke(TestInvoker.java:822)
	at org.testng.internal.TestInvoker.invokeTestMethods(TestInvoker.java:147)
	at org.testng.internal.TestMethodWorker.invokeTestMethods(TestMethodWorker.java:146)
	at org.testng.internal.TestMethodWorker.run(TestMethodWorker.java:128)
	at java.base/java.util.ArrayList.forEach(ArrayList.java:1511)
	at org.testng.TestRunner.privateRun(TestRunner.java:764)
	at org.testng.TestRunner.run(TestRunner.java:585)
	at org.testng.SuiteRunner.runTest(SuiteRunner.java:384)
	at org.testng.SuiteRunner.runSequentially(SuiteRunner.java:378)
	at org.testng.SuiteRunner.privateRun(SuiteRunner.java:337)
	at org.testng.SuiteRunner.run(SuiteRunner.java:286)
	at org.testng.SuiteRunnerWorker.runSuite(SuiteRunnerWorker.java:53)
	at org.testng.SuiteRunnerWorker.run(SuiteRunnerWorker.java:96)
	at org.testng.TestNG.runSuitesSequentially(TestNG.java:1218)
	at org.testng.TestNG.runSuitesLocally(TestNG.java:1140)
	at org.testng.TestNG.runSuites(TestNG.java:1069)
	at org.testng.TestNG.run(TestNG.java:1037)
	at org.testng.remote.AbstractRemoteTestNG.run(AbstractRemoteTestNG.java:115)
	at org.testng.remote.RemoteTestNG.initAndRun(RemoteTestNG.java:251)
	at org.testng.remote.RemoteTestNG.main(RemoteTestNG.java:77)
</pre></div></td>
<td>15</td>
<td>AllTests.QuickPayTest@5fd4f8f5</td></tr>
<tr>
<td title='AllTests.QuickPayTest.verifyIncompleteCardNumberMessageIsDisplaying()'><b>verifyIncompleteCardNumberMessageIsDisplaying</b><br>Test class: AllTests.QuickPayTest<br>Parameters: C26985</td>
<td><div><pre>java.lang.AssertionError: Failed : Incomplete card number validation message is not displaying on card number field expected [Incomplete card number] but found []
	at PageScreen.HomeScreen.VerifyHomeScreen(HomeScreen.java:492)
	at AllTests.QuickPayTest.verifyIncompleteCardNumberMessageIsDisplaying(QuickPayTest.java:598)
	at java.base/java.util.ArrayList.forEach(ArrayList.java:1511)
... Removed 32 stack frames</pre></div><a href='#' onClick='toggleBox("stack-trace2064996849", this, "Click to show all stack frames", "Click to hide stack frames")'>Click to show all stack frames</a>
<div class='stack-trace' id='stack-trace2064996849'><pre>java.lang.AssertionError: Failed : Incomplete card number validation message is not displaying on card number field expected [Incomplete card number] but found []
	at org.testng.Assert.fail(Assert.java:99)
	at org.testng.Assert.failNotEquals(Assert.java:1037)
	at org.testng.Assert.assertEqualsImpl(Assert.java:140)
	at org.testng.Assert.assertEquals(Assert.java:122)
	at org.testng.Assert.assertEquals(Assert.java:629)
	at PageScreen.HomeScreen.VerifyHomeScreen(HomeScreen.java:492)
	at AllTests.QuickPayTest.verifyIncompleteCardNumberMessageIsDisplaying(QuickPayTest.java:598)
	at java.base/jdk.internal.reflect.NativeMethodAccessorImpl.invoke0(Native Method)
	at java.base/jdk.internal.reflect.NativeMethodAccessorImpl.invoke(NativeMethodAccessorImpl.java:62)
	at java.base/jdk.internal.reflect.DelegatingMethodAccessorImpl.invoke(DelegatingMethodAccessorImpl.java:43)
	at java.base/java.lang.reflect.Method.invoke(Method.java:564)
	at org.testng.internal.MethodInvocationHelper.invokeMethod(MethodInvocationHelper.java:132)
	at org.testng.internal.TestInvoker.invokeMethod(TestInvoker.java:599)
	at org.testng.internal.TestInvoker.invokeTestMethod(TestInvoker.java:174)
	at org.testng.internal.MethodRunner.runInSequence(MethodRunner.java:46)
	at org.testng.internal.TestInvoker$MethodInvocationAgent.invoke(TestInvoker.java:822)
	at org.testng.internal.TestInvoker.invokeTestMethods(TestInvoker.java:147)
	at org.testng.internal.TestMethodWorker.invokeTestMethods(TestMethodWorker.java:146)
	at org.testng.internal.TestMethodWorker.run(TestMethodWorker.java:128)
	at java.base/java.util.ArrayList.forEach(ArrayList.java:1511)
	at org.testng.TestRunner.privateRun(TestRunner.java:764)
	at org.testng.TestRunner.run(TestRunner.java:585)
	at org.testng.SuiteRunner.runTest(SuiteRunner.java:384)
	at org.testng.SuiteRunner.runSequentially(SuiteRunner.java:378)
	at org.testng.SuiteRunner.privateRun(SuiteRunner.java:337)
	at org.testng.SuiteRunner.run(SuiteRunner.java:286)
	at org.testng.SuiteRunnerWorker.runSuite(SuiteRunnerWorker.java:53)
	at org.testng.SuiteRunnerWorker.run(SuiteRunnerWorker.java:96)
	at org.testng.TestNG.runSuitesSequentially(TestNG.java:1218)
	at org.testng.TestNG.runSuitesLocally(TestNG.java:1140)
	at org.testng.TestNG.runSuites(TestNG.java:1069)
	at org.testng.TestNG.run(TestNG.java:1037)
	at org.testng.remote.AbstractRemoteTestNG.run(AbstractRemoteTestNG.java:115)
	at org.testng.remote.RemoteTestNG.initAndRun(RemoteTestNG.java:251)
	at org.testng.remote.RemoteTestNG.main(RemoteTestNG.java:77)
</pre></div></td>
<td>5</td>
<td>AllTests.QuickPayTest@5fd4f8f5</td></tr>
<tr>
<td title='AllTests.QuickPayTest.verifyIncompleteCardNumberMessageIsDisplaying()'><b>verifyIncompleteCardNumberMessageIsDisplaying</b><br>Test class: AllTests.QuickPayTest<br>Parameters: C27262</td>
<td><div><pre>java.lang.AssertionError: Failed : Incomplete card number validation message is not displaying on card number field expected [Incomplete card number] but found []
	at PageScreen.HomeScreen.VerifyHomeScreen(HomeScreen.java:492)
	at AllTests.QuickPayTest.verifyIncompleteCardNumberMessageIsDisplaying(QuickPayTest.java:598)
	at java.base/java.util.ArrayList.forEach(ArrayList.java:1511)
... Removed 32 stack frames</pre></div><a href='#' onClick='toggleBox("stack-trace56804492", this, "Click to show all stack frames", "Click to hide stack frames")'>Click to show all stack frames</a>
<div class='stack-trace' id='stack-trace56804492'><pre>java.lang.AssertionError: Failed : Incomplete card number validation message is not displaying on card number field expected [Incomplete card number] but found []
	at org.testng.Assert.fail(Assert.java:99)
	at org.testng.Assert.failNotEquals(Assert.java:1037)
	at org.testng.Assert.assertEqualsImpl(Assert.java:140)
	at org.testng.Assert.assertEquals(Assert.java:122)
	at org.testng.Assert.assertEquals(Assert.java:629)
	at PageScreen.HomeScreen.VerifyHomeScreen(HomeScreen.java:492)
	at AllTests.QuickPayTest.verifyIncompleteCardNumberMessageIsDisplaying(QuickPayTest.java:598)
	at java.base/jdk.internal.reflect.NativeMethodAccessorImpl.invoke0(Native Method)
	at java.base/jdk.internal.reflect.NativeMethodAccessorImpl.invoke(NativeMethodAccessorImpl.java:62)
	at java.base/jdk.internal.reflect.DelegatingMethodAccessorImpl.invoke(DelegatingMethodAccessorImpl.java:43)
	at java.base/java.lang.reflect.Method.invoke(Method.java:564)
	at org.testng.internal.MethodInvocationHelper.invokeMethod(MethodInvocationHelper.java:132)
	at org.testng.internal.TestInvoker.invokeMethod(TestInvoker.java:599)
	at org.testng.internal.TestInvoker.invokeTestMethod(TestInvoker.java:174)
	at org.testng.internal.MethodRunner.runInSequence(MethodRunner.java:46)
	at org.testng.internal.TestInvoker$MethodInvocationAgent.invoke(TestInvoker.java:822)
	at org.testng.internal.TestInvoker.invokeTestMethods(TestInvoker.java:147)
	at org.testng.internal.TestMethodWorker.invokeTestMethods(TestMethodWorker.java:146)
	at org.testng.internal.TestMethodWorker.run(TestMethodWorker.java:128)
	at java.base/java.util.ArrayList.forEach(ArrayList.java:1511)
	at org.testng.TestRunner.privateRun(TestRunner.java:764)
	at org.testng.TestRunner.run(TestRunner.java:585)
	at org.testng.SuiteRunner.runTest(SuiteRunner.java:384)
	at org.testng.SuiteRunner.runSequentially(SuiteRunner.java:378)
	at org.testng.SuiteRunner.privateRun(SuiteRunner.java:337)
	at org.testng.SuiteRunner.run(SuiteRunner.java:286)
	at org.testng.SuiteRunnerWorker.runSuite(SuiteRunnerWorker.java:53)
	at org.testng.SuiteRunnerWorker.run(SuiteRunnerWorker.java:96)
	at org.testng.TestNG.runSuitesSequentially(TestNG.java:1218)
	at org.testng.TestNG.runSuitesLocally(TestNG.java:1140)
	at org.testng.TestNG.runSuites(TestNG.java:1069)
	at org.testng.TestNG.run(TestNG.java:1037)
	at org.testng.remote.AbstractRemoteTestNG.run(AbstractRemoteTestNG.java:115)
	at org.testng.remote.RemoteTestNG.initAndRun(RemoteTestNG.java:251)
	at org.testng.remote.RemoteTestNG.main(RemoteTestNG.java:77)
</pre></div></td>
<td>10</td>
<td>AllTests.QuickPayTest@5fd4f8f5</td></tr>
<tr>
<td title='AllTests.QuickPayTest.verifyIncompleteCardNumberMessageIsDisplaying()'><b>verifyIncompleteCardNumberMessageIsDisplaying</b><br>Test class: AllTests.QuickPayTest<br>Parameters: C27250</td>
<td><div><pre>java.lang.AssertionError: Failed : Incomplete card number validation message is not displaying on card number field expected [Incomplete card number] but found []
	at PageScreen.HomeScreen.VerifyHomeScreen(HomeScreen.java:492)
	at AllTests.QuickPayTest.verifyIncompleteCardNumberMessageIsDisplaying(QuickPayTest.java:598)
	at java.base/java.util.ArrayList.forEach(ArrayList.java:1511)
... Removed 32 stack frames</pre></div><a href='#' onClick='toggleBox("stack-trace619864203", this, "Click to show all stack frames", "Click to hide stack frames")'>Click to show all stack frames</a>
<div class='stack-trace' id='stack-trace619864203'><pre>java.lang.AssertionError: Failed : Incomplete card number validation message is not displaying on card number field expected [Incomplete card number] but found []
	at org.testng.Assert.fail(Assert.java:99)
	at org.testng.Assert.failNotEquals(Assert.java:1037)
	at org.testng.Assert.assertEqualsImpl(Assert.java:140)
	at org.testng.Assert.assertEquals(Assert.java:122)
	at org.testng.Assert.assertEquals(Assert.java:629)
	at PageScreen.HomeScreen.VerifyHomeScreen(HomeScreen.java:492)
	at AllTests.QuickPayTest.verifyIncompleteCardNumberMessageIsDisplaying(QuickPayTest.java:598)
	at java.base/jdk.internal.reflect.NativeMethodAccessorImpl.invoke0(Native Method)
	at java.base/jdk.internal.reflect.NativeMethodAccessorImpl.invoke(NativeMethodAccessorImpl.java:62)
	at java.base/jdk.internal.reflect.DelegatingMethodAccessorImpl.invoke(DelegatingMethodAccessorImpl.java:43)
	at java.base/java.lang.reflect.Method.invoke(Method.java:564)
	at org.testng.internal.MethodInvocationHelper.invokeMethod(MethodInvocationHelper.java:132)
	at org.testng.internal.TestInvoker.invokeMethod(TestInvoker.java:599)
	at org.testng.internal.TestInvoker.invokeTestMethod(TestInvoker.java:174)
	at org.testng.internal.MethodRunner.runInSequence(MethodRunner.java:46)
	at org.testng.internal.TestInvoker$MethodInvocationAgent.invoke(TestInvoker.java:822)
	at org.testng.internal.TestInvoker.invokeTestMethods(TestInvoker.java:147)
	at org.testng.internal.TestMethodWorker.invokeTestMethods(TestMethodWorker.java:146)
	at org.testng.internal.TestMethodWorker.run(TestMethodWorker.java:128)
	at java.base/java.util.ArrayList.forEach(ArrayList.java:1511)
	at org.testng.TestRunner.privateRun(TestRunner.java:764)
	at org.testng.TestRunner.run(TestRunner.java:585)
	at org.testng.SuiteRunner.runTest(SuiteRunner.java:384)
	at org.testng.SuiteRunner.runSequentially(SuiteRunner.java:378)
	at org.testng.SuiteRunner.privateRun(SuiteRunner.java:337)
	at org.testng.SuiteRunner.run(SuiteRunner.java:286)
	at org.testng.SuiteRunnerWorker.runSuite(SuiteRunnerWorker.java:53)
	at org.testng.SuiteRunnerWorker.run(SuiteRunnerWorker.java:96)
	at org.testng.TestNG.runSuitesSequentially(TestNG.java:1218)
	at org.testng.TestNG.runSuitesLocally(TestNG.java:1140)
	at org.testng.TestNG.runSuites(TestNG.java:1069)
	at org.testng.TestNG.run(TestNG.java:1037)
	at org.testng.remote.AbstractRemoteTestNG.run(AbstractRemoteTestNG.java:115)
	at org.testng.remote.RemoteTestNG.initAndRun(RemoteTestNG.java:251)
	at org.testng.remote.RemoteTestNG.main(RemoteTestNG.java:77)
</pre></div></td>
<td>9</td>
<td>AllTests.QuickPayTest@5fd4f8f5</td></tr>
<tr>
<td title='AllTests.QuickPayTest.verifyIncompleteCardNumberMessageIsDisplaying()'><b>verifyIncompleteCardNumberMessageIsDisplaying</b><br>Test class: AllTests.QuickPayTest<br>Parameters: C27292</td>
<td><div><pre>java.lang.AssertionError: Failed : Incomplete card number validation message is not displaying on card number field expected [Incomplete card number] but found []
	at PageScreen.HomeScreen.VerifyHomeScreen(HomeScreen.java:492)
	at AllTests.QuickPayTest.verifyIncompleteCardNumberMessageIsDisplaying(QuickPayTest.java:598)
	at java.base/java.util.ArrayList.forEach(ArrayList.java:1511)
... Removed 32 stack frames</pre></div><a href='#' onClick='toggleBox("stack-trace981323703", this, "Click to show all stack frames", "Click to hide stack frames")'>Click to show all stack frames</a>
<div class='stack-trace' id='stack-trace981323703'><pre>java.lang.AssertionError: Failed : Incomplete card number validation message is not displaying on card number field expected [Incomplete card number] but found []
	at org.testng.Assert.fail(Assert.java:99)
	at org.testng.Assert.failNotEquals(Assert.java:1037)
	at org.testng.Assert.assertEqualsImpl(Assert.java:140)
	at org.testng.Assert.assertEquals(Assert.java:122)
	at org.testng.Assert.assertEquals(Assert.java:629)
	at PageScreen.HomeScreen.VerifyHomeScreen(HomeScreen.java:492)
	at AllTests.QuickPayTest.verifyIncompleteCardNumberMessageIsDisplaying(QuickPayTest.java:598)
	at java.base/jdk.internal.reflect.NativeMethodAccessorImpl.invoke0(Native Method)
	at java.base/jdk.internal.reflect.NativeMethodAccessorImpl.invoke(NativeMethodAccessorImpl.java:62)
	at java.base/jdk.internal.reflect.DelegatingMethodAccessorImpl.invoke(DelegatingMethodAccessorImpl.java:43)
	at java.base/java.lang.reflect.Method.invoke(Method.java:564)
	at org.testng.internal.MethodInvocationHelper.invokeMethod(MethodInvocationHelper.java:132)
	at org.testng.internal.TestInvoker.invokeMethod(TestInvoker.java:599)
	at org.testng.internal.TestInvoker.invokeTestMethod(TestInvoker.java:174)
	at org.testng.internal.MethodRunner.runInSequence(MethodRunner.java:46)
	at org.testng.internal.TestInvoker$MethodInvocationAgent.invoke(TestInvoker.java:822)
	at org.testng.internal.TestInvoker.invokeTestMethods(TestInvoker.java:147)
	at org.testng.internal.TestMethodWorker.invokeTestMethods(TestMethodWorker.java:146)
	at org.testng.internal.TestMethodWorker.run(TestMethodWorker.java:128)
	at java.base/java.util.ArrayList.forEach(ArrayList.java:1511)
	at org.testng.TestRunner.privateRun(TestRunner.java:764)
	at org.testng.TestRunner.run(TestRunner.java:585)
	at org.testng.SuiteRunner.runTest(SuiteRunner.java:384)
	at org.testng.SuiteRunner.runSequentially(SuiteRunner.java:378)
	at org.testng.SuiteRunner.privateRun(SuiteRunner.java:337)
	at org.testng.SuiteRunner.run(SuiteRunner.java:286)
	at org.testng.SuiteRunnerWorker.runSuite(SuiteRunnerWorker.java:53)
	at org.testng.SuiteRunnerWorker.run(SuiteRunnerWorker.java:96)
	at org.testng.TestNG.runSuitesSequentially(TestNG.java:1218)
	at org.testng.TestNG.runSuitesLocally(TestNG.java:1140)
	at org.testng.TestNG.runSuites(TestNG.java:1069)
	at org.testng.TestNG.run(TestNG.java:1037)
	at org.testng.remote.AbstractRemoteTestNG.run(AbstractRemoteTestNG.java:115)
	at org.testng.remote.RemoteTestNG.initAndRun(RemoteTestNG.java:251)
	at org.testng.remote.RemoteTestNG.main(RemoteTestNG.java:77)
</pre></div></td>
<td>9</td>
<td>AllTests.QuickPayTest@5fd4f8f5</td></tr>
<tr>
<td title='AllTests.QuickPayTest.verifyIncompleteCardNumberMessageIsDisplaying()'><b>verifyIncompleteCardNumberMessageIsDisplaying</b><br>Test class: AllTests.QuickPayTest<br>Parameters: C27240</td>
<td><div><pre>java.lang.AssertionError: Failed : Incomplete card number validation message is not displaying on card number field expected [Incomplete card number] but found []
	at PageScreen.HomeScreen.VerifyHomeScreen(HomeScreen.java:492)
	at AllTests.QuickPayTest.verifyIncompleteCardNumberMessageIsDisplaying(QuickPayTest.java:598)
	at java.base/java.util.ArrayList.forEach(ArrayList.java:1511)
... Removed 32 stack frames</pre></div><a href='#' onClick='toggleBox("stack-trace1743830910", this, "Click to show all stack frames", "Click to hide stack frames")'>Click to show all stack frames</a>
<div class='stack-trace' id='stack-trace1743830910'><pre>java.lang.AssertionError: Failed : Incomplete card number validation message is not displaying on card number field expected [Incomplete card number] but found []
	at org.testng.Assert.fail(Assert.java:99)
	at org.testng.Assert.failNotEquals(Assert.java:1037)
	at org.testng.Assert.assertEqualsImpl(Assert.java:140)
	at org.testng.Assert.assertEquals(Assert.java:122)
	at org.testng.Assert.assertEquals(Assert.java:629)
	at PageScreen.HomeScreen.VerifyHomeScreen(HomeScreen.java:492)
	at AllTests.QuickPayTest.verifyIncompleteCardNumberMessageIsDisplaying(QuickPayTest.java:598)
	at java.base/jdk.internal.reflect.NativeMethodAccessorImpl.invoke0(Native Method)
	at java.base/jdk.internal.reflect.NativeMethodAccessorImpl.invoke(NativeMethodAccessorImpl.java:62)
	at java.base/jdk.internal.reflect.DelegatingMethodAccessorImpl.invoke(DelegatingMethodAccessorImpl.java:43)
	at java.base/java.lang.reflect.Method.invoke(Method.java:564)
	at org.testng.internal.MethodInvocationHelper.invokeMethod(MethodInvocationHelper.java:132)
	at org.testng.internal.TestInvoker.invokeMethod(TestInvoker.java:599)
	at org.testng.internal.TestInvoker.invokeTestMethod(TestInvoker.java:174)
	at org.testng.internal.MethodRunner.runInSequence(MethodRunner.java:46)
	at org.testng.internal.TestInvoker$MethodInvocationAgent.invoke(TestInvoker.java:822)
	at org.testng.internal.TestInvoker.invokeTestMethods(TestInvoker.java:147)
	at org.testng.internal.TestMethodWorker.invokeTestMethods(TestMethodWorker.java:146)
	at org.testng.internal.TestMethodWorker.run(TestMethodWorker.java:128)
	at java.base/java.util.ArrayList.forEach(ArrayList.java:1511)
	at org.testng.TestRunner.privateRun(TestRunner.java:764)
	at org.testng.TestRunner.run(TestRunner.java:585)
	at org.testng.SuiteRunner.runTest(SuiteRunner.java:384)
	at org.testng.SuiteRunner.runSequentially(SuiteRunner.java:378)
	at org.testng.SuiteRunner.privateRun(SuiteRunner.java:337)
	at org.testng.SuiteRunner.run(SuiteRunner.java:286)
	at org.testng.SuiteRunnerWorker.runSuite(SuiteRunnerWorker.java:53)
	at org.testng.SuiteRunnerWorker.run(SuiteRunnerWorker.java:96)
	at org.testng.TestNG.runSuitesSequentially(TestNG.java:1218)
	at org.testng.TestNG.runSuitesLocally(TestNG.java:1140)
	at org.testng.TestNG.runSuites(TestNG.java:1069)
	at org.testng.TestNG.run(TestNG.java:1037)
	at org.testng.remote.AbstractRemoteTestNG.run(AbstractRemoteTestNG.java:115)
	at org.testng.remote.RemoteTestNG.initAndRun(RemoteTestNG.java:251)
	at org.testng.remote.RemoteTestNG.main(RemoteTestNG.java:77)
</pre></div></td>
<td>9</td>
<td>AllTests.QuickPayTest@5fd4f8f5</td></tr>
</table><p>
<table width='100%' border='1' class='invocation-passed'>
<tr><td colspan='4' align='center'><b>PASSED TESTS</b></td></tr>
<tr><td><b>Test method</b></td>
<td width="30%"><b>Exception</b></td>
<td width="10%"><b>Time (seconds)</b></td>
<td><b>Instance</b></td>
</tr>
<tr>
<td title='AllTests.QuickPayTest.QuickPayWithC26851()'><b>QuickPayWithC26851</b><br>Test class: AllTests.QuickPayTest</td>
<td></td>
<td>9</td>
<td>AllTests.QuickPayTest@5fd4f8f5</td></tr>
<tr>
<td title='AllTests.QuickPayTest.QuickPayWithC26854()'><b>QuickPayWithC26854</b><br>Test class: AllTests.QuickPayTest</td>
<td></td>
<td>2</td>
<td>AllTests.QuickPayTest@5fd4f8f5</td></tr>
<tr>
<td title='AllTests.QuickPayTest.QuickPayWithC26855()'><b>QuickPayWithC26855</b><br>Test class: AllTests.QuickPayTest</td>
<td></td>
<td>2</td>
<td>AllTests.QuickPayTest@5fd4f8f5</td></tr>
<tr>
<td title='AllTests.QuickPayTest.QuickPayWithC26856()'><b>QuickPayWithC26856</b><br>Test class: AllTests.QuickPayTest</td>
<td></td>
<td>4</td>
<td>AllTests.QuickPayTest@5fd4f8f5</td></tr>
<tr>
<td title='AllTests.QuickPayTest.QuickPayWithC26857()'><b>QuickPayWithC26857</b><br>Test class: AllTests.QuickPayTest</td>
<td></td>
<td>3</td>
<td>AllTests.QuickPayTest@5fd4f8f5</td></tr>
<tr>
<td title='AllTests.QuickPayTest.QuickPayWithC26858()'><b>QuickPayWithC26858</b><br>Test class: AllTests.QuickPayTest</td>
<td></td>
<td>3</td>
<td>AllTests.QuickPayTest@5fd4f8f5</td></tr>
<tr>
<td title='AllTests.QuickPayTest.QuickPayWithC26859()'><b>QuickPayWithC26859</b><br>Test class: AllTests.QuickPayTest</td>
<td></td>
<td>4</td>
<td>AllTests.QuickPayTest@5fd4f8f5</td></tr>
<tr>
<td title='AllTests.QuickPayTest.QuickPayWithC26860()'><b>QuickPayWithC26860</b><br>Test class: AllTests.QuickPayTest</td>
<td></td>
<td>3</td>
<td>AllTests.QuickPayTest@5fd4f8f5</td></tr>
<tr>
<td title='AllTests.QuickPayTest.QuickPayWithC26861()'><b>QuickPayWithC26861</b><br>Test class: AllTests.QuickPayTest</td>
<td></td>
<td>4</td>
<td>AllTests.QuickPayTest@5fd4f8f5</td></tr>
<tr>
<td title='AllTests.QuickPayTest.QuickPayWithC26862()'><b>QuickPayWithC26862</b><br>Test class: AllTests.QuickPayTest</td>
<td></td>
<td>4</td>
<td>AllTests.QuickPayTest@5fd4f8f5</td></tr>
<tr>
<td title='AllTests.QuickPayTest.QuickPayWithC26974()'><b>QuickPayWithC26974</b><br>Test class: AllTests.QuickPayTest</td>
<td></td>
<td>3</td>
<td>AllTests.QuickPayTest@5fd4f8f5</td></tr>
<tr>
<td title='AllTests.QuickPayTest.QuickPayWithC26975()'><b>QuickPayWithC26975</b><br>Test class: AllTests.QuickPayTest</td>
<td></td>
<td>4</td>
<td>AllTests.QuickPayTest@5fd4f8f5</td></tr>
<tr>
<td title='AllTests.QuickPayTest.QuickPayWithC27000()'><b>QuickPayWithC27000</b><br>Test class: AllTests.QuickPayTest</td>
<td></td>
<td>4</td>
<td>AllTests.QuickPayTest@5fd4f8f5</td></tr>
<tr>
<td title='AllTests.QuickPayTest.QuickPayWithC27001()'><b>QuickPayWithC27001</b><br>Test class: AllTests.QuickPayTest</td>
<td></td>
<td>4</td>
<td>AllTests.QuickPayTest@5fd4f8f5</td></tr>
<tr>
<td title='AllTests.QuickPayTest.QuickPayWithC27020()'><b>QuickPayWithC27020</b><br>Test class: AllTests.QuickPayTest</td>
<td></td>
<td>4</td>
<td>AllTests.QuickPayTest@5fd4f8f5</td></tr>
<tr>
<td title='AllTests.QuickPayTest.QuickPayWithC27021()'><b>QuickPayWithC27021</b><br>Test class: AllTests.QuickPayTest</td>
<td></td>
<td>4</td>
<td>AllTests.QuickPayTest@5fd4f8f5</td></tr>
<tr>
<td title='AllTests.QuickPayTest.invalidFiberNumberValidationMessage()'><b>invalidFiberNumberValidationMessage</b><br>Test class: AllTests.QuickPayTest<br>Parameters: C26969</td>
<td></td>
<td>4</td>
<td>AllTests.QuickPayTest@5fd4f8f5</td></tr>
<tr>
<td title='AllTests.QuickPayTest.invalidFiberNumberValidationMessage()'><b>invalidFiberNumberValidationMessage</b><br>Test class: AllTests.QuickPayTest<br>Parameters: C26970</td>
<td></td>
<td>4</td>
<td>AllTests.QuickPayTest@5fd4f8f5</td></tr>
<tr>
<td title='AllTests.QuickPayTest.invalidFiberNumberValidationMessage()'><b>invalidFiberNumberValidationMessage</b><br>Test class: AllTests.QuickPayTest<br>Parameters: C26971</td>
<td></td>
<td>4</td>
<td>AllTests.QuickPayTest@5fd4f8f5</td></tr>
<tr>
<td title='AllTests.QuickPayTest.invalidFiberNumberValidationMessage()'><b>invalidFiberNumberValidationMessage</b><br>Test class: AllTests.QuickPayTest<br>Parameters: C26973</td>
<td></td>
<td>4</td>
<td>AllTests.QuickPayTest@5fd4f8f5</td></tr>
<tr>
<td title='AllTests.QuickPayTest.invalidFiberNumberValidationMessage()'><b>invalidFiberNumberValidationMessage</b><br>Test class: AllTests.QuickPayTest<br>Parameters: C26972</td>
<td></td>
<td>4</td>
<td>AllTests.QuickPayTest@5fd4f8f5</td></tr>
<tr>
<td title='AllTests.QuickPayTest.invalidVoutcherNumberValidation()'><b>invalidVoutcherNumberValidation</b><br>Test class: AllTests.QuickPayTest<br>Parameters: C27226</td>
<td></td>
<td>4</td>
<td>AllTests.QuickPayTest@5fd4f8f5</td></tr>
<tr>
<td title='AllTests.QuickPayTest.invalidVoutcherNumberValidation()'><b>invalidVoutcherNumberValidation</b><br>Test class: AllTests.QuickPayTest<br>Parameters: C27282</td>
<td></td>
<td>5</td>
<td>AllTests.QuickPayTest@5fd4f8f5</td></tr>
<tr>
<td title='AllTests.QuickPayTest.missingDataValidationMessagesForCVVField()'><b>missingDataValidationMessagesForCVVField</b><br>Test class: AllTests.QuickPayTest<br>Parameters: C26984</td>
<td></td>
<td>6</td>
<td>AllTests.QuickPayTest@5fd4f8f5</td></tr>
<tr>
<td title='AllTests.QuickPayTest.missingDataValidationMessagesForCVVField()'><b>missingDataValidationMessagesForCVVField</b><br>Test class: AllTests.QuickPayTest<br>Parameters: C27261</td>
<td></td>
<td>6</td>
<td>AllTests.QuickPayTest@5fd4f8f5</td></tr>
<tr>
<td title='AllTests.QuickPayTest.missingDataValidationMessagesForCVVField()'><b>missingDataValidationMessagesForCVVField</b><br>Test class: AllTests.QuickPayTest<br>Parameters: C27249</td>
<td></td>
<td>6</td>
<td>AllTests.QuickPayTest@5fd4f8f5</td></tr>
<tr>
<td title='AllTests.QuickPayTest.missingDataValidationMessagesForCVVField()'><b>missingDataValidationMessagesForCVVField</b><br>Test class: AllTests.QuickPayTest<br>Parameters: C27291</td>
<td></td>
<td>5</td>
<td>AllTests.QuickPayTest@5fd4f8f5</td></tr>
<tr>
<td title='AllTests.QuickPayTest.missingDataValidationMessagesForCVVField()'><b>missingDataValidationMessagesForCVVField</b><br>Test class: AllTests.QuickPayTest<br>Parameters: C27239</td>
<td></td>
<td>6</td>
<td>AllTests.QuickPayTest@5fd4f8f5</td></tr>
<tr>
<td title='AllTests.QuickPayTest.missingDataValidationMessagesForCardDetailsScreen()'><b>missingDataValidationMessagesForCardDetailsScreen</b><br>Test class: AllTests.QuickPayTest<br>Parameters: C26980</td>
<td></td>
<td>4</td>
<td>AllTests.QuickPayTest@5fd4f8f5</td></tr>
<tr>
<td title='AllTests.QuickPayTest.missingDataValidationMessagesForCardDetailsScreen()'><b>missingDataValidationMessagesForCardDetailsScreen</b><br>Test class: AllTests.QuickPayTest<br>Parameters: C27257</td>
<td></td>
<td>4</td>
<td>AllTests.QuickPayTest@5fd4f8f5</td></tr>
<tr>
<td title='AllTests.QuickPayTest.missingDataValidationMessagesForCardDetailsScreen()'><b>missingDataValidationMessagesForCardDetailsScreen</b><br>Test class: AllTests.QuickPayTest<br>Parameters: C27287</td>
<td></td>
<td>4</td>
<td>AllTests.QuickPayTest@5fd4f8f5</td></tr>
<tr>
<td title='AllTests.QuickPayTest.missingDataValidationMessagesForCardDetailsScreen()'><b>missingDataValidationMessagesForCardDetailsScreen</b><br>Test class: AllTests.QuickPayTest<br>Parameters: C27028</td>
<td></td>
<td>5</td>
<td>AllTests.QuickPayTest@5fd4f8f5</td></tr>
<tr>
<td title='AllTests.QuickPayTest.missingDataValidationMessagesForCardHolderNameField()'><b>missingDataValidationMessagesForCardHolderNameField</b><br>Test class: AllTests.QuickPayTest<br>Parameters: C26982</td>
<td></td>
<td>5</td>
<td>AllTests.QuickPayTest@5fd4f8f5</td></tr>
<tr>
<td title='AllTests.QuickPayTest.missingDataValidationMessagesForCardHolderNameField()'><b>missingDataValidationMessagesForCardHolderNameField</b><br>Test class: AllTests.QuickPayTest<br>Parameters: C27259</td>
<td></td>
<td>6</td>
<td>AllTests.QuickPayTest@5fd4f8f5</td></tr>
<tr>
<td title='AllTests.QuickPayTest.missingDataValidationMessagesForCardHolderNameField()'><b>missingDataValidationMessagesForCardHolderNameField</b><br>Test class: AllTests.QuickPayTest<br>Parameters: C27247</td>
<td></td>
<td>6</td>
<td>AllTests.QuickPayTest@5fd4f8f5</td></tr>
<tr>
<td title='AllTests.QuickPayTest.missingDataValidationMessagesForCardHolderNameField()'><b>missingDataValidationMessagesForCardHolderNameField</b><br>Test class: AllTests.QuickPayTest<br>Parameters: C27289</td>
<td></td>
<td>6</td>
<td>AllTests.QuickPayTest@5fd4f8f5</td></tr>
<tr>
<td title='AllTests.QuickPayTest.missingDataValidationMessagesForCardHolderNameField()'><b>missingDataValidationMessagesForCardHolderNameField</b><br>Test class: AllTests.QuickPayTest<br>Parameters: C27237</td>
<td></td>
<td>6</td>
<td>AllTests.QuickPayTest@5fd4f8f5</td></tr>
<tr>
<td title='AllTests.QuickPayTest.missingDataValidationMessagesForCardNumberField()'><b>missingDataValidationMessagesForCardNumberField</b><br>Test class: AllTests.QuickPayTest<br>Parameters: C26981</td>
<td></td>
<td>5</td>
<td>AllTests.QuickPayTest@5fd4f8f5</td></tr>
<tr>
<td title='AllTests.QuickPayTest.missingDataValidationMessagesForCardNumberField()'><b>missingDataValidationMessagesForCardNumberField</b><br>Test class: AllTests.QuickPayTest<br>Parameters: C27258</td>
<td></td>
<td>5</td>
<td>AllTests.QuickPayTest@5fd4f8f5</td></tr>
<tr>
<td title='AllTests.QuickPayTest.missingDataValidationMessagesForCardNumberField()'><b>missingDataValidationMessagesForCardNumberField</b><br>Test class: AllTests.QuickPayTest<br>Parameters: C27246</td>
<td></td>
<td>5</td>
<td>AllTests.QuickPayTest@5fd4f8f5</td></tr>
<tr>
<td title='AllTests.QuickPayTest.missingDataValidationMessagesForCardNumberField()'><b>missingDataValidationMessagesForCardNumberField</b><br>Test class: AllTests.QuickPayTest<br>Parameters: C27288</td>
<td></td>
<td>6</td>
<td>AllTests.QuickPayTest@5fd4f8f5</td></tr>
<tr>
<td title='AllTests.QuickPayTest.missingDataValidationMessagesForCardNumberField()'><b>missingDataValidationMessagesForCardNumberField</b><br>Test class: AllTests.QuickPayTest<br>Parameters: C27236</td>
<td></td>
<td>6</td>
<td>AllTests.QuickPayTest@5fd4f8f5</td></tr>
<tr>
<td title='AllTests.QuickPayTest.missingDataValidationMessagesForExpiryDateField()'><b>missingDataValidationMessagesForExpiryDateField</b><br>Test class: AllTests.QuickPayTest<br>Parameters: C26983</td>
<td></td>
<td>5</td>
<td>AllTests.QuickPayTest@5fd4f8f5</td></tr>
<tr>
<td title='AllTests.QuickPayTest.missingDataValidationMessagesForExpiryDateField()'><b>missingDataValidationMessagesForExpiryDateField</b><br>Test class: AllTests.QuickPayTest<br>Parameters: C27260</td>
<td></td>
<td>5</td>
<td>AllTests.QuickPayTest@5fd4f8f5</td></tr>
<tr>
<td title='AllTests.QuickPayTest.missingDataValidationMessagesForExpiryDateField()'><b>missingDataValidationMessagesForExpiryDateField</b><br>Test class: AllTests.QuickPayTest<br>Parameters: C27248</td>
<td></td>
<td>6</td>
<td>AllTests.QuickPayTest@5fd4f8f5</td></tr>
<tr>
<td title='AllTests.QuickPayTest.missingDataValidationMessagesForExpiryDateField()'><b>missingDataValidationMessagesForExpiryDateField</b><br>Test class: AllTests.QuickPayTest<br>Parameters: C27290</td>
<td></td>
<td>6</td>
<td>AllTests.QuickPayTest@5fd4f8f5</td></tr>
<tr>
<td title='AllTests.QuickPayTest.missingDataValidationMessagesForExpiryDateField()'><b>missingDataValidationMessagesForExpiryDateField</b><br>Test class: AllTests.QuickPayTest<br>Parameters: C27238</td>
<td></td>
<td>6</td>
<td>AllTests.QuickPayTest@5fd4f8f5</td></tr>
<tr>
<td title='AllTests.QuickPayTest.successVoucherTransactionDisplayed()'><b>successVoucherTransactionDisplayed</b><br>Test class: AllTests.QuickPayTest<br>Parameters: C27228</td>
<td></td>
<td>8</td>
<td>AllTests.QuickPayTest@5fd4f8f5</td></tr>
<tr>
<td title='AllTests.QuickPayTest.successVoucherTransactionDisplayed()'><b>successVoucherTransactionDisplayed</b><br>Test class: AllTests.QuickPayTest<br>Parameters: C27284</td>
<td></td>
<td>8</td>
<td>AllTests.QuickPayTest@5fd4f8f5</td></tr>
<tr>
<td title='AllTests.QuickPayTest.verifyCardNotSupportedNumberMessageIsDisplaying()'><b>verifyCardNotSupportedNumberMessageIsDisplaying</b><br>Test class: AllTests.QuickPayTest<br>Parameters: C26986</td>
<td></td>
<td>6</td>
<td>AllTests.QuickPayTest@5fd4f8f5</td></tr>
<tr>
<td title='AllTests.QuickPayTest.verifyCardNotSupportedNumberMessageIsDisplaying()'><b>verifyCardNotSupportedNumberMessageIsDisplaying</b><br>Test class: AllTests.QuickPayTest<br>Parameters: C272663</td>
<td></td>
<td>6</td>
<td>AllTests.QuickPayTest@5fd4f8f5</td></tr>
<tr>
<td title='AllTests.QuickPayTest.verifyCardNotSupportedNumberMessageIsDisplaying()'><b>verifyCardNotSupportedNumberMessageIsDisplaying</b><br>Test class: AllTests.QuickPayTest<br>Parameters: C27251</td>
<td></td>
<td>6</td>
<td>AllTests.QuickPayTest@5fd4f8f5</td></tr>
<tr>
<td title='AllTests.QuickPayTest.verifyCardNotSupportedNumberMessageIsDisplaying()'><b>verifyCardNotSupportedNumberMessageIsDisplaying</b><br>Test class: AllTests.QuickPayTest<br>Parameters: C27293</td>
<td></td>
<td>6</td>
<td>AllTests.QuickPayTest@5fd4f8f5</td></tr>
<tr>
<td title='AllTests.QuickPayTest.verifyCardNotSupportedNumberMessageIsDisplaying()'><b>verifyCardNotSupportedNumberMessageIsDisplaying</b><br>Test class: AllTests.QuickPayTest<br>Parameters: C27241</td>
<td></td>
<td>6</td>
<td>AllTests.QuickPayTest@5fd4f8f5</td></tr>
</table><p>
</body>
</html>