<?xml version="1.0" encoding="UTF-8"?>
<!-- Generated by org.testng.reporters.JUnitXMLReporter -->
<testsuite ignored="0" hostname="DESKTOP-0L5DRSO" failures="20" tests="74" name="Zain Test" time="451.178" errors="0" timestamp="2021-07-06T23:06:37 PKT">
  <testcase classname="AllTests.QuickPayTest" name="QuickPayWithC26851" time="9.433"/>
  <testcase classname="AllTests.QuickPayTest" name="QuickPayWithC26852" time="3.756">
    <failure type="java.lang.AssertionError">
      <![CDATA[java.lang.AssertionError
at org.junit.Assert.fail(Assert.java:86)
at org.junit.Assert.assertTrue(Assert.java:41)
at org.junit.Assert.assertTrue(Assert.java:52)
at pages.BasePage.AddTest_IntoReport(BasePage.java:95)
at AllTests.QuickPayTest.QuickPayWithC26852(QuickPayTest.java:71)
at java.base/java.util.ArrayList.forEach(ArrayList.java:1511)
... Removed 27 stack frames]]>
    </failure>
  </testcase> <!-- QuickPayWithC26852 -->
  <testcase classname="AllTests.QuickPayTest" name="QuickPayWithC26854" time="2.827"/>
  <testcase classname="AllTests.QuickPayTest" name="QuickPayWithC26855" time="2.773"/>
  <testcase classname="AllTests.QuickPayTest" name="QuickPayWithC26856" time="4.025"/>
  <testcase classname="AllTests.QuickPayTest" name="QuickPayWithC26857" time="3.905"/>
  <testcase classname="AllTests.QuickPayTest" name="QuickPayWithC26858" time="3.982"/>
  <testcase classname="AllTests.QuickPayTest" name="QuickPayWithC26859" time="4.2"/>
  <testcase classname="AllTests.QuickPayTest" name="QuickPayWithC26860" time="3.954"/>
  <testcase classname="AllTests.QuickPayTest" name="QuickPayWithC26861" time="4.511"/>
  <testcase classname="AllTests.QuickPayTest" name="QuickPayWithC26862" time="4.459"/>
  <testcase classname="AllTests.QuickPayTest" name="QuickPayWithC26974" time="3.919"/>
  <testcase classname="AllTests.QuickPayTest" name="QuickPayWithC26975" time="4.014"/>
  <testcase classname="AllTests.QuickPayTest" name="QuickPayWithC27000" time="4.581"/>
  <testcase classname="AllTests.QuickPayTest" name="QuickPayWithC27001" time="4.972"/>
  <testcase classname="AllTests.QuickPayTest" name="QuickPayWithC27020" time="4.631"/>
  <testcase classname="AllTests.QuickPayTest" name="QuickPayWithC27021" time="4.681"/>
  <testcase classname="AllTests.QuickPayTest" name="decimalPointNotAllowed" time="3.94">
    <failure type="java.lang.AssertionError" message="Failed : Decimal Amount is allowed to enter into custom amount field expected [025] but found []">
      <![CDATA[java.lang.AssertionError: Failed : Decimal Amount is allowed to enter into custom amount field expected [025] but found []
at PageScreen.HomeScreen.VerifyHomeScreen(HomeScreen.java:213)
at AllTests.QuickPayTest.decimalPointNotAllowed(QuickPayTest.java:449)
at java.base/java.util.ArrayList.forEach(ArrayList.java:1511)
... Removed 32 stack frames]]>
    </failure>
  </testcase> <!-- decimalPointNotAllowed -->
  <testcase classname="AllTests.QuickPayTest" name="decimalPointNotAllowed" time="5.146">
    <failure type="java.lang.AssertionError" message="Failed : Decimal Amount is allowed to enter into custom amount field expected [025] but found []">
      <![CDATA[java.lang.AssertionError: Failed : Decimal Amount is allowed to enter into custom amount field expected [025] but found []
at PageScreen.HomeScreen.VerifyHomeScreen(HomeScreen.java:213)
at AllTests.QuickPayTest.decimalPointNotAllowed(QuickPayTest.java:449)
at java.base/java.util.ArrayList.forEach(ArrayList.java:1511)
... Removed 32 stack frames]]>
    </failure>
  </testcase> <!-- decimalPointNotAllowed -->
  <testcase classname="AllTests.QuickPayTest" name="decimalPointNotAllowed" time="4.522">
    <failure type="java.lang.AssertionError" message="Failed : Decimal Amount is allowed to enter into custom amount field expected [025] but found []">
      <![CDATA[java.lang.AssertionError: Failed : Decimal Amount is allowed to enter into custom amount field expected [025] but found []
at PageScreen.HomeScreen.VerifyHomeScreen(HomeScreen.java:213)
at AllTests.QuickPayTest.decimalPointNotAllowed(QuickPayTest.java:449)
at java.base/java.util.ArrayList.forEach(ArrayList.java:1511)
... Removed 32 stack frames]]>
    </failure>
  </testcase> <!-- decimalPointNotAllowed -->
  <testcase classname="AllTests.QuickPayTest" name="missingDataValidationMessagesForCardDetailsScreen" time="4.737"/>
  <testcase classname="AllTests.QuickPayTest" name="missingDataValidationMessagesForCardDetailsScreen" time="4.939"/>
  <testcase classname="AllTests.QuickPayTest" name="missingDataValidationMessagesForCardDetailsScreen" time="4.934"/>
  <testcase classname="AllTests.QuickPayTest" name="missingDataValidationMessagesForCardDetailsScreen" time="5.153"/>
  <testcase classname="AllTests.QuickPayTest" name="missingDataValidationMessagesForCardNumberField" time="5.468"/>
  <testcase classname="AllTests.QuickPayTest" name="missingDataValidationMessagesForCardNumberField" time="5.844"/>
  <testcase classname="AllTests.QuickPayTest" name="missingDataValidationMessagesForCardNumberField" time="5.75"/>
  <testcase classname="AllTests.QuickPayTest" name="missingDataValidationMessagesForCardNumberField" time="6.07"/>
  <testcase classname="AllTests.QuickPayTest" name="missingDataValidationMessagesForCardNumberField" time="6.239"/>
  <testcase classname="AllTests.QuickPayTest" name="missingDataValidationMessagesForCardHolderNameField" time="5.707"/>
  <testcase classname="AllTests.QuickPayTest" name="missingDataValidationMessagesForCardHolderNameField" time="6.08"/>
  <testcase classname="AllTests.QuickPayTest" name="missingDataValidationMessagesForCardHolderNameField" time="6.212"/>
  <testcase classname="AllTests.QuickPayTest" name="missingDataValidationMessagesForCardHolderNameField" time="6.241"/>
  <testcase classname="AllTests.QuickPayTest" name="missingDataValidationMessagesForCardHolderNameField" time="6.411"/>
  <testcase classname="AllTests.QuickPayTest" name="missingDataValidationMessagesForExpiryDateField" time="5.836"/>
  <testcase classname="AllTests.QuickPayTest" name="missingDataValidationMessagesForExpiryDateField" time="5.978"/>
  <testcase classname="AllTests.QuickPayTest" name="missingDataValidationMessagesForExpiryDateField" time="6.265"/>
  <testcase classname="AllTests.QuickPayTest" name="missingDataValidationMessagesForExpiryDateField" time="6.03"/>
  <testcase classname="AllTests.QuickPayTest" name="missingDataValidationMessagesForExpiryDateField" time="6.322"/>
  <testcase classname="AllTests.QuickPayTest" name="missingDataValidationMessagesForCVVField" time="6.353"/>
  <testcase classname="AllTests.QuickPayTest" name="missingDataValidationMessagesForCVVField" time="6.098"/>
  <testcase classname="AllTests.QuickPayTest" name="missingDataValidationMessagesForCVVField" time="6.385"/>
  <testcase classname="AllTests.QuickPayTest" name="missingDataValidationMessagesForCVVField" time="5.923"/>
  <testcase classname="AllTests.QuickPayTest" name="missingDataValidationMessagesForCVVField" time="6.289"/>
  <testcase classname="AllTests.QuickPayTest" name="verifyCardNotSupportedNumberMessageIsDisplaying" time="6.618"/>
  <testcase classname="AllTests.QuickPayTest" name="verifyCardNotSupportedNumberMessageIsDisplaying" time="6.596"/>
  <testcase classname="AllTests.QuickPayTest" name="verifyCardNotSupportedNumberMessageIsDisplaying" time="6.446"/>
  <testcase classname="AllTests.QuickPayTest" name="verifyCardNotSupportedNumberMessageIsDisplaying" time="6.289"/>
  <testcase classname="AllTests.QuickPayTest" name="verifyCardNotSupportedNumberMessageIsDisplaying" time="6.578"/>
  <testcase classname="AllTests.QuickPayTest" name="verifyIncompleteCardNumberMessageIsDisplaying" time="5.512">
    <failure type="java.lang.AssertionError" message="Failed : Incomplete card number validation message is not displaying on card number field expected [Incomplete card number] but found []">
      <![CDATA[java.lang.AssertionError: Failed : Incomplete card number validation message is not displaying on card number field expected [Incomplete card number] but found []
at PageScreen.HomeScreen.VerifyHomeScreen(HomeScreen.java:492)
at AllTests.QuickPayTest.verifyIncompleteCardNumberMessageIsDisplaying(QuickPayTest.java:598)
at java.base/java.util.ArrayList.forEach(ArrayList.java:1511)
... Removed 32 stack frames]]>
    </failure>
  </testcase> <!-- verifyIncompleteCardNumberMessageIsDisplaying -->
  <testcase classname="AllTests.QuickPayTest" name="verifyIncompleteCardNumberMessageIsDisplaying" time="10.067">
    <failure type="java.lang.AssertionError" message="Failed : Incomplete card number validation message is not displaying on card number field expected [Incomplete card number] but found []">
      <![CDATA[java.lang.AssertionError: Failed : Incomplete card number validation message is not displaying on card number field expected [Incomplete card number] but found []
at PageScreen.HomeScreen.VerifyHomeScreen(HomeScreen.java:492)
at AllTests.QuickPayTest.verifyIncompleteCardNumberMessageIsDisplaying(QuickPayTest.java:598)
at java.base/java.util.ArrayList.forEach(ArrayList.java:1511)
... Removed 32 stack frames]]>
    </failure>
  </testcase> <!-- verifyIncompleteCardNumberMessageIsDisplaying -->
  <testcase classname="AllTests.QuickPayTest" name="verifyIncompleteCardNumberMessageIsDisplaying" time="9.057">
    <failure type="java.lang.AssertionError" message="Failed : Incomplete card number validation message is not displaying on card number field expected [Incomplete card number] but found []">
      <![CDATA[java.lang.AssertionError: Failed : Incomplete card number validation message is not displaying on card number field expected [Incomplete card number] but found []
at PageScreen.HomeScreen.VerifyHomeScreen(HomeScreen.java:492)
at AllTests.QuickPayTest.verifyIncompleteCardNumberMessageIsDisplaying(QuickPayTest.java:598)
at java.base/java.util.ArrayList.forEach(ArrayList.java:1511)
... Removed 32 stack frames]]>
    </failure>
  </testcase> <!-- verifyIncompleteCardNumberMessageIsDisplaying -->
  <testcase classname="AllTests.QuickPayTest" name="verifyIncompleteCardNumberMessageIsDisplaying" time="9.085">
    <failure type="java.lang.AssertionError" message="Failed : Incomplete card number validation message is not displaying on card number field expected [Incomplete card number] but found []">
      <![CDATA[java.lang.AssertionError: Failed : Incomplete card number validation message is not displaying on card number field expected [Incomplete card number] but found []
at PageScreen.HomeScreen.VerifyHomeScreen(HomeScreen.java:492)
at AllTests.QuickPayTest.verifyIncompleteCardNumberMessageIsDisplaying(QuickPayTest.java:598)
at java.base/java.util.ArrayList.forEach(ArrayList.java:1511)
... Removed 32 stack frames]]>
    </failure>
  </testcase> <!-- verifyIncompleteCardNumberMessageIsDisplaying -->
  <testcase classname="AllTests.QuickPayTest" name="verifyIncompleteCardNumberMessageIsDisplaying" time="9.091">
    <failure type="java.lang.AssertionError" message="Failed : Incomplete card number validation message is not displaying on card number field expected [Incomplete card number] but found []">
      <![CDATA[java.lang.AssertionError: Failed : Incomplete card number validation message is not displaying on card number field expected [Incomplete card number] but found []
at PageScreen.HomeScreen.VerifyHomeScreen(HomeScreen.java:492)
at AllTests.QuickPayTest.verifyIncompleteCardNumberMessageIsDisplaying(QuickPayTest.java:598)
at java.base/java.util.ArrayList.forEach(ArrayList.java:1511)
... Removed 32 stack frames]]>
    </failure>
  </testcase> <!-- verifyIncompleteCardNumberMessageIsDisplaying -->
  <testcase classname="AllTests.QuickPayTest" name="transactionFailedErrorMessage" time="10.924">
    <failure type="java.lang.AssertionError">
      <![CDATA[java.lang.AssertionError
at org.junit.Assert.fail(Assert.java:86)
at org.junit.Assert.assertTrue(Assert.java:41)
at org.junit.Assert.assertTrue(Assert.java:52)
at pages.BasePage.AddTest_IntoReport(BasePage.java:95)
at AllTests.QuickPayTest.transactionFailedErrorMessage(QuickPayTest.java:647)
at java.base/java.util.ArrayList.forEach(ArrayList.java:1511)
... Removed 27 stack frames]]>
    </failure>
  </testcase> <!-- transactionFailedErrorMessage -->
  <testcase classname="AllTests.QuickPayTest" name="transactionFailedErrorMessage" time="11.476">
    <failure type="java.lang.AssertionError">
      <![CDATA[java.lang.AssertionError
at org.junit.Assert.fail(Assert.java:86)
at org.junit.Assert.assertTrue(Assert.java:41)
at org.junit.Assert.assertTrue(Assert.java:52)
at pages.BasePage.AddTest_IntoReport(BasePage.java:95)
at AllTests.QuickPayTest.transactionFailedErrorMessage(QuickPayTest.java:647)
at java.base/java.util.ArrayList.forEach(ArrayList.java:1511)
... Removed 27 stack frames]]>
    </failure>
  </testcase> <!-- transactionFailedErrorMessage -->
  <testcase classname="AllTests.QuickPayTest" name="transactionFailedErrorMessage" time="12.048">
    <failure type="java.lang.AssertionError">
      <![CDATA[java.lang.AssertionError
at org.junit.Assert.fail(Assert.java:86)
at org.junit.Assert.assertTrue(Assert.java:41)
at org.junit.Assert.assertTrue(Assert.java:52)
at pages.BasePage.AddTest_IntoReport(BasePage.java:95)
at AllTests.QuickPayTest.transactionFailedErrorMessage(QuickPayTest.java:647)
at java.base/java.util.ArrayList.forEach(ArrayList.java:1511)
... Removed 27 stack frames]]>
    </failure>
  </testcase> <!-- transactionFailedErrorMessage -->
  <testcase classname="AllTests.QuickPayTest" name="transactionFailedErrorMessage" time="11.179">
    <failure type="java.lang.AssertionError">
      <![CDATA[java.lang.AssertionError
at org.junit.Assert.fail(Assert.java:86)
at org.junit.Assert.assertTrue(Assert.java:41)
at org.junit.Assert.assertTrue(Assert.java:52)
at pages.BasePage.AddTest_IntoReport(BasePage.java:95)
at AllTests.QuickPayTest.transactionFailedErrorMessage(QuickPayTest.java:647)
at java.base/java.util.ArrayList.forEach(ArrayList.java:1511)
... Removed 27 stack frames]]>
    </failure>
  </testcase> <!-- transactionFailedErrorMessage -->
  <testcase classname="AllTests.QuickPayTest" name="transactionFailedErrorMessage" time="15.506">
    <failure type="java.lang.AssertionError" message="Failed : Transaction Failed validation message is not displaying after clicking on pay with card button expected [true] but found [false]">
      <![CDATA[java.lang.AssertionError: Failed : Transaction Failed validation message is not displaying after clicking on pay with card button expected [true] but found [false]
at PageScreen.HomeScreen.VerifyHomeScreen(HomeScreen.java:579)
at AllTests.QuickPayTest.transactionFailedErrorMessage(QuickPayTest.java:646)
at java.base/java.util.ArrayList.forEach(ArrayList.java:1511)
... Removed 30 stack frames]]>
    </failure>
  </testcase> <!-- transactionFailedErrorMessage -->
  <testcase classname="AllTests.QuickPayTest" name="rechargeVoucherEmptyFieldValidation" time="4.507">
    <failure type="java.lang.AssertionError" message="Failed : Voucher submit button is not enabled. expected [true] but found [false]">
      <![CDATA[java.lang.AssertionError: Failed : Voucher submit button is not enabled. expected [true] but found [false]
at PageScreen.HomeScreen.VerifyHomeScreen(HomeScreen.java:600)
at AllTests.QuickPayTest.rechargeVoucherEmptyFieldValidation(QuickPayTest.java:669)
at java.base/java.util.ArrayList.forEach(ArrayList.java:1511)
... Removed 30 stack frames]]>
    </failure>
  </testcase> <!-- rechargeVoucherEmptyFieldValidation -->
  <testcase classname="AllTests.QuickPayTest" name="rechargeVoucherEmptyFieldValidation" time="4.378">
    <failure type="java.lang.AssertionError" message="Failed : Voucher submit button is not enabled. expected [true] but found [false]">
      <![CDATA[java.lang.AssertionError: Failed : Voucher submit button is not enabled. expected [true] but found [false]
at PageScreen.HomeScreen.VerifyHomeScreen(HomeScreen.java:600)
at AllTests.QuickPayTest.rechargeVoucherEmptyFieldValidation(QuickPayTest.java:669)
at java.base/java.util.ArrayList.forEach(ArrayList.java:1511)
... Removed 30 stack frames]]>
    </failure>
  </testcase> <!-- rechargeVoucherEmptyFieldValidation -->
  <testcase classname="AllTests.QuickPayTest" name="invalidVoutcherNumberValidation" time="4.853"/>
  <testcase classname="AllTests.QuickPayTest" name="invalidVoutcherNumberValidation" time="5.035"/>
  <testcase classname="AllTests.QuickPayTest" name="greaterThan14DigitsVoucherNumberValidation" time="4.549">
    <failure type="java.lang.AssertionError" message="Failed :  &amp;lt;b&amp;gt;More than 14 digits&amp;lt;/b&amp;gt; are allowed in voucher name field expected [14] but found [20]">
      <![CDATA[java.lang.AssertionError: Failed :  <b>More than 14 digits</b> are allowed in voucher name field expected [14] but found [20]
at PageScreen.HomeScreen.VerifyHomeScreen(HomeScreen.java:650)
at AllTests.QuickPayTest.greaterThan14DigitsVoucherNumberValidation(QuickPayTest.java:717)
at java.base/java.util.ArrayList.forEach(ArrayList.java:1511)
... Removed 32 stack frames]]>
    </failure>
  </testcase> <!-- greaterThan14DigitsVoucherNumberValidation -->
  <testcase classname="AllTests.QuickPayTest" name="greaterThan14DigitsVoucherNumberValidation" time="4.822">
    <failure type="java.lang.AssertionError" message="Failed :  &amp;lt;b&amp;gt;More than 14 digits&amp;lt;/b&amp;gt; are allowed in voucher name field expected [14] but found [20]">
      <![CDATA[java.lang.AssertionError: Failed :  <b>More than 14 digits</b> are allowed in voucher name field expected [14] but found [20]
at PageScreen.HomeScreen.VerifyHomeScreen(HomeScreen.java:650)
at AllTests.QuickPayTest.greaterThan14DigitsVoucherNumberValidation(QuickPayTest.java:717)
at java.base/java.util.ArrayList.forEach(ArrayList.java:1511)
... Removed 32 stack frames]]>
    </failure>
  </testcase> <!-- greaterThan14DigitsVoucherNumberValidation -->
  <testcase classname="AllTests.QuickPayTest" name="successVoucherTransactionDisplayed" time="8.839"/>
  <testcase classname="AllTests.QuickPayTest" name="successVoucherTransactionDisplayed" time="8.849"/>
  <testcase classname="AllTests.QuickPayTest" name="rechargeFailedMessageDisplayed" time="9.008">
    <failure type="java.lang.AssertionError">
      <![CDATA[java.lang.AssertionError
at org.junit.Assert.fail(Assert.java:86)
at org.junit.Assert.assertTrue(Assert.java:41)
at org.junit.Assert.assertTrue(Assert.java:52)
at pages.BasePage.AddTest_IntoReport(BasePage.java:95)
at AllTests.QuickPayTest.rechargeFailedMessageDisplayed(QuickPayTest.java:771)
at java.base/java.util.ArrayList.forEach(ArrayList.java:1511)
... Removed 27 stack frames]]>
    </failure>
  </testcase> <!-- rechargeFailedMessageDisplayed -->
  <testcase classname="AllTests.QuickPayTest" name="rechargeFailedMessageDisplayed" time="8.931">
    <failure type="java.lang.AssertionError">
      <![CDATA[java.lang.AssertionError
at org.junit.Assert.fail(Assert.java:86)
at org.junit.Assert.assertTrue(Assert.java:41)
at org.junit.Assert.assertTrue(Assert.java:52)
at pages.BasePage.AddTest_IntoReport(BasePage.java:95)
at AllTests.QuickPayTest.rechargeFailedMessageDisplayed(QuickPayTest.java:771)
at java.base/java.util.ArrayList.forEach(ArrayList.java:1511)
... Removed 27 stack frames]]>
    </failure>
  </testcase> <!-- rechargeFailedMessageDisplayed -->
  <testcase classname="AllTests.QuickPayTest" name="invalidFiberNumberValidationMessage" time="4.021"/>
  <testcase classname="AllTests.QuickPayTest" name="invalidFiberNumberValidationMessage" time="4.028"/>
  <testcase classname="AllTests.QuickPayTest" name="invalidFiberNumberValidationMessage" time="4.027"/>
  <testcase classname="AllTests.QuickPayTest" name="invalidFiberNumberValidationMessage" time="4.458"/>
  <testcase classname="AllTests.QuickPayTest" name="invalidFiberNumberValidationMessage" time="4.485"/>
</testsuite> <!-- Zain Test -->
