<?xml version="1.0" encoding="UTF-8"?>
<!-- Generated by org.testng.reporters.JUnitReportReporter -->
<testsuite hostname="DESKTOP-0L5DRSO" failures="2" tests="34" name="AllTests.LoginTest" time="656.263" errors="0" timestamp="2021-07-01T20:21:05 PKT" skipped="0">
  <testcase classname="AllTests.LoginTest" name="loginWithInValidEmail" time="10.519"/>
  <system-out/>
  <testcase classname="AllTests.LoginTest" name="loginWithC23297" time="23.553"/>
  <system-out/>
  <testcase classname="AllTests.LoginTest" name="loginWithC23298" time="23.522"/>
  <system-out/>
  <testcase classname="AllTests.LoginTest" name="loginWithC23299" time="23.458"/>
  <system-out/>
  <testcase classname="AllTests.LoginTest" name="loginTestWithC23300" time="23.410"/>
  <system-out/>
  <testcase classname="AllTests.LoginTest" name="loginTestWithC23301" time="22.942"/>
  <system-out/>
  <testcase classname="AllTests.LoginTest" name="loginTestWithC23329" time="23.670"/>
  <system-out/>
  <testcase classname="AllTests.LoginTest" name="loginTestWithC23330" time="23.492"/>
  <system-out/>
  <testcase classname="AllTests.LoginTest" name="loginTestWithC23331" time="23.421"/>
  <system-out/>
  <testcase classname="AllTests.LoginTest" name="loginTestWithC23332" time="23.560"/>
  <system-out/>
  <testcase classname="AllTests.LoginTest" name="loginTestWithC233323" time="23.413"/>
  <system-out/>
  <testcase classname="AllTests.LoginTest" name="loginTestWithC23302" time="10.966"/>
  <system-out/>
  <testcase classname="AllTests.LoginTest" name="loginTestWithC23303" time="10.965"/>
  <system-out/>
  <testcase classname="AllTests.LoginTest" name="loginTestWithC23304" time="10.516"/>
  <system-out/>
  <testcase classname="AllTests.LoginTest" name="loginTestWithC23305" time="10.498"/>
  <system-out/>
  <testcase classname="AllTests.LoginTest" name="loginTestWithC23306" time="10.432"/>
  <system-out/>
  <testcase classname="AllTests.LoginTest" name="loginTestWithC23307" time="10.460"/>
  <system-out/>
  <testcase classname="AllTests.LoginTest" name="loginTestWithC23310" time="23.056"/>
  <system-out/>
  <testcase classname="AllTests.LoginTest" name="loginTestWithC23311" time="23.498"/>
  <system-out/>
  <testcase classname="AllTests.LoginTest" name="loginTestWithC23312" time="23.631"/>
  <system-out/>
  <testcase classname="AllTests.LoginTest" name="loginTestWithC23313" time="23.440"/>
  <system-out/>
  <testcase classname="AllTests.LoginTest" name="loginTestWithC23314" time="23.482"/>
  <system-out/>
  <testcase classname="AllTests.LoginTest" name="loginTestWithC23315" time="23.395"/>
  <system-out/>
  <testcase classname="AllTests.LoginTest" name="loginTestWithC23316" time="23.515"/>
  <system-out/>
  <testcase classname="AllTests.LoginTest" name="loginTestWithC23287" time="23.436"/>
  <system-out/>
  <testcase classname="AllTests.LoginTest" name="loginTestWithC23319" time="11.035">
    <failure type="java.lang.AssertionError">
      <![CDATA[java.lang.AssertionError
at org.junit.Assert.fail(Assert.java:86)
at org.junit.Assert.assertTrue(Assert.java:41)
at org.junit.Assert.assertTrue(Assert.java:52)
at pages.BasePage.AddTest_IntoReport(BasePage.java:95)
at AllTests.LoginTest.loginTestWithC23319(LoginTest.java:532)
at java.base/jdk.internal.reflect.NativeMethodAccessorImpl.invoke0(Native Method)
at java.base/jdk.internal.reflect.NativeMethodAccessorImpl.invoke(NativeMethodAccessorImpl.java:62)
at java.base/jdk.internal.reflect.DelegatingMethodAccessorImpl.invoke(DelegatingMethodAccessorImpl.java:43)
at java.base/java.lang.reflect.Method.invoke(Method.java:564)
at org.testng.internal.MethodInvocationHelper.invokeMethod(MethodInvocationHelper.java:132)
at org.testng.internal.TestInvoker.invokeMethod(TestInvoker.java:599)
at org.testng.internal.TestInvoker.invokeTestMethod(TestInvoker.java:174)
at org.testng.internal.MethodRunner.runInSequence(MethodRunner.java:46)
at org.testng.internal.TestInvoker$MethodInvocationAgent.invoke(TestInvoker.java:822)
at org.testng.internal.TestInvoker.invokeTestMethods(TestInvoker.java:147)
at org.testng.internal.TestMethodWorker.invokeTestMethods(TestMethodWorker.java:146)
at org.testng.internal.TestMethodWorker.run(TestMethodWorker.java:128)
at java.base/java.util.ArrayList.forEach(ArrayList.java:1511)
at org.testng.TestRunner.privateRun(TestRunner.java:764)
at org.testng.TestRunner.run(TestRunner.java:585)
at org.testng.SuiteRunner.runTest(SuiteRunner.java:384)
at org.testng.SuiteRunner.runSequentially(SuiteRunner.java:378)
at org.testng.SuiteRunner.privateRun(SuiteRunner.java:337)
at org.testng.SuiteRunner.run(SuiteRunner.java:286)
at org.testng.SuiteRunnerWorker.runSuite(SuiteRunnerWorker.java:53)
at org.testng.SuiteRunnerWorker.run(SuiteRunnerWorker.java:96)
at org.testng.TestNG.runSuitesSequentially(TestNG.java:1218)
at org.testng.TestNG.runSuitesLocally(TestNG.java:1140)
at org.testng.TestNG.runSuites(TestNG.java:1069)
at org.testng.TestNG.run(TestNG.java:1037)
at org.testng.remote.AbstractRemoteTestNG.run(AbstractRemoteTestNG.java:115)
at org.testng.remote.RemoteTestNG.initAndRun(RemoteTestNG.java:251)
at org.testng.remote.RemoteTestNG.main(RemoteTestNG.java:77)
]]>
    </failure>
  </testcase> <!-- loginTestWithC23319 -->
  <system-out/>
  <testcase classname="AllTests.LoginTest" name="loginTestWithC23320" time="10.482">
    <failure type="java.lang.AssertionError">
      <![CDATA[java.lang.AssertionError
at org.junit.Assert.fail(Assert.java:86)
at org.junit.Assert.assertTrue(Assert.java:41)
at org.junit.Assert.assertTrue(Assert.java:52)
at pages.BasePage.AddTest_IntoReport(BasePage.java:95)
at AllTests.LoginTest.loginTestWithC23320(LoginTest.java:552)
at java.base/jdk.internal.reflect.NativeMethodAccessorImpl.invoke0(Native Method)
at java.base/jdk.internal.reflect.NativeMethodAccessorImpl.invoke(NativeMethodAccessorImpl.java:62)
at java.base/jdk.internal.reflect.DelegatingMethodAccessorImpl.invoke(DelegatingMethodAccessorImpl.java:43)
at java.base/java.lang.reflect.Method.invoke(Method.java:564)
at org.testng.internal.MethodInvocationHelper.invokeMethod(MethodInvocationHelper.java:132)
at org.testng.internal.TestInvoker.invokeMethod(TestInvoker.java:599)
at org.testng.internal.TestInvoker.invokeTestMethod(TestInvoker.java:174)
at org.testng.internal.MethodRunner.runInSequence(MethodRunner.java:46)
at org.testng.internal.TestInvoker$MethodInvocationAgent.invoke(TestInvoker.java:822)
at org.testng.internal.TestInvoker.invokeTestMethods(TestInvoker.java:147)
at org.testng.internal.TestMethodWorker.invokeTestMethods(TestMethodWorker.java:146)
at org.testng.internal.TestMethodWorker.run(TestMethodWorker.java:128)
at java.base/java.util.ArrayList.forEach(ArrayList.java:1511)
at org.testng.TestRunner.privateRun(TestRunner.java:764)
at org.testng.TestRunner.run(TestRunner.java:585)
at org.testng.SuiteRunner.runTest(SuiteRunner.java:384)
at org.testng.SuiteRunner.runSequentially(SuiteRunner.java:378)
at org.testng.SuiteRunner.privateRun(SuiteRunner.java:337)
at org.testng.SuiteRunner.run(SuiteRunner.java:286)
at org.testng.SuiteRunnerWorker.runSuite(SuiteRunnerWorker.java:53)
at org.testng.SuiteRunnerWorker.run(SuiteRunnerWorker.java:96)
at org.testng.TestNG.runSuitesSequentially(TestNG.java:1218)
at org.testng.TestNG.runSuitesLocally(TestNG.java:1140)
at org.testng.TestNG.runSuites(TestNG.java:1069)
at org.testng.TestNG.run(TestNG.java:1037)
at org.testng.remote.AbstractRemoteTestNG.run(AbstractRemoteTestNG.java:115)
at org.testng.remote.RemoteTestNG.initAndRun(RemoteTestNG.java:251)
at org.testng.remote.RemoteTestNG.main(RemoteTestNG.java:77)
]]>
    </failure>
  </testcase> <!-- loginTestWithC23320 -->
  <system-out/>
  <testcase classname="AllTests.LoginTest" name="loginTestWithC23321" time="10.511"/>
  <system-out/>
  <testcase classname="AllTests.LoginTest" name="loginTestWithC23322" time="23.035"/>
  <system-out/>
  <testcase classname="AllTests.LoginTest" name="loginTestWithC23323" time="10.957"/>
  <system-out/>
  <testcase classname="AllTests.LoginTest" name="loginTestWithC23324" time="23.580"/>
  <system-out/>
  <testcase classname="AllTests.LoginTest" name="loginTestWithC23325" time="23.519"/>
  <system-out/>
  <testcase classname="AllTests.LoginTest" name="loginTestWithC23326" time="23.419"/>
  <system-out/>
  <testcase classname="AllTests.LoginTest" name="loginTestWithC23352" time="23.475"/>
  <system-out/>
</testsuite> <!-- AllTests.LoginTest -->
